Time resolution is 1 ps
Cikardim       4096
Kirli       4096
Cikardim       4096
Kirli       4096
Cikardim       4096
Kirli       4096
Cikardim       4128
Kirli       4128
Cikardim       4128
Kirli       4128
Cikardim       4128
Kirli       4128
Cikardim       4160
Kirli       4160
Cikardim       4160
Kirli       4160
Cikardim       4160
Kirli       4160
Cikardim       4192
Kirli       4192
Cikardim       4192
Kirli       4192
Cikardim       4192
Kirli       4192
Cikardim       4224
Kirli       4224
Cikardim       4224
Kirli       4224
Cikardim       4224
Kirli       4224
Cikardim       4256
Kirli       4256
Cikardim       4256
Kirli       4256
Cikardim       4256
Kirli       4256
Cikardim       4288
Kirli       4288
Cikardim       4288
Kirli       4288
Cikardim       4288
Kirli       4288
Cikardim       4320
Kirli       4320
Cikardim       4320
Kirli       4320
Cikardim       4320
Kirli       4320
Cikardim       4352
Kirli       4352
Cikardim       4352
Kirli       4352
Cikardim       4352
Kirli       4352
Cikardim       4384
Kirli       4384
Cikardim       4384
Kirli       4384
Cikardim       4384
Kirli       4384
Cikardim       4416
Kirli       4416
Cikardim       4416
Kirli       4416
Cikardim       4416
Kirli       4416
Cikardim       4448
Kirli       4448
Cikardim       4448
Kirli       4448
Cikardim       4448
Kirli       4448
Cikardim       4480
Kirli       4480
Cikardim       4480
Kirli       4480
Cikardim       4480
Kirli       4480
Cikardim       4512
Kirli       4512
Cikardim       4512
Kirli       4512
Cikardim       4512
Kirli       4512
Cikardim       4544
Kirli       4544
Cikardim       4544
Kirli       4544
Cikardim       4544
Kirli       4544
Cikardim       4576
Kirli       4576
Cikardim       4576
Kirli       4576
Cikardim       4576
Kirli       4576
Cikardim       4608
Kirli       4608
Cikardim       4608
Kirli       4608
Cikardim       4608
Kirli       4608
Cikardim       4640
Kirli       4640
Cikardim       4640
Kirli       4640
Cikardim       4640
Kirli       4640
Cikardim       4672
Kirli       4672
Cikardim       4672
Kirli       4672
Cikardim       4672
Kirli       4672
Cikardim       4704
Kirli       4704
Cikardim       4704
Kirli       4704
Cikardim       4704
Kirli       4704
Cikardim       4736
Kirli       4736
Cikardim       4736
Kirli       4736
Cikardim       4736
Kirli       4736
Cikardim       4768
Kirli       4768
Cikardim       4768
Kirli       4768
Cikardim       4768
Kirli       4768
Cikardim       4800
Kirli       4800
Cikardim       4800
Kirli       4800
Cikardim       4800
Kirli       4800
Cikardim       4832
Kirli       4832
Cikardim       4832
Kirli       4832
Cikardim       4832
Kirli       4832
Cikardim       4864
Kirli       4864
Cikardim       4864
Kirli       4864
Cikardim       4864
Kirli       4864
Cikardim       4896
Kirli       4896
Cikardim       4896
Kirli       4896
Cikardim       4896
Kirli       4896
Cikardim       4928
Kirli       4928
Cikardim       4928
Kirli       4928
Cikardim       4928
Kirli       4928
Cikardim       4960
Kirli       4960
Cikardim       4960
Kirli       4960
Cikardim       4960
Kirli       4960
Cikardim       4992
Kirli       4992
Cikardim       4992
Kirli       4992
Cikardim       4992
Kirli       4992
Cikardim       5024
Kirli       5024
Cikardim       5024
Kirli       5024
Cikardim       5024
Kirli       5024
Cikardim       5056
Kirli       5056
Cikardim       5056
Kirli       5056
Cikardim       5056
Kirli       5056
Cikardim       5088
Kirli       5088
Cikardim       5088
Kirli       5088
Cikardim       5088
Kirli       5088
Cikardim       5120
Kirli       5120
Cikardim       5120
Kirli       5120
Cikardim       5120
Kirli       5120
Cikardim       5152
Kirli       5152
Cikardim       5152
Kirli       5152
Cikardim       5152
Kirli       5152
Cikardim       5184
Kirli       5184
Cikardim       5184
Kirli       5184
Cikardim       5184
Kirli       5184
Cikardim       5216
Kirli       5216
Cikardim       5216
Kirli       5216
Cikardim       5216
Kirli       5216
Cikardim       5248
Kirli       5248
Cikardim       5248
Kirli       5248
Cikardim       5248
Kirli       5248
Cikardim       5280
Kirli       5280
Cikardim       5280
Kirli       5280
Cikardim       5280
Kirli       5280
Cikardim       5312
Kirli       5312
Cikardim       5312
Kirli       5312
Cikardim       5312
Kirli       5312
Cikardim       5344
Kirli       5344
Cikardim       5344
Kirli       5344
Cikardim       5344
Kirli       5344
Cikardim       5376
Kirli       5376
Cikardim       5376
Kirli       5376
Cikardim       5376
Kirli       5376
Cikardim       5408
Kirli       5408
Cikardim       5408
Kirli       5408
Cikardim       5408
Kirli       5408
Cikardim       5440
Kirli       5440
Cikardim       5440
Kirli       5440
Cikardim       5440
Kirli       5440
Cikardim       5472
Kirli       5472
Cikardim       5472
Kirli       5472
Cikardim       5472
Kirli       5472
Cikardim       5504
Kirli       5504
Cikardim       5504
Kirli       5504
Cikardim       5504
Kirli       5504
Cikardim       5536
Kirli       5536
Cikardim       5536
Kirli       5536
Cikardim       5536
Kirli       5536
Cikardim       5568
Kirli       5568
Cikardim       5568
Kirli       5568
Cikardim       5568
Kirli       5568
Cikardim       5600
Kirli       5600
Cikardim       5600
Kirli       5600
Cikardim       5600
Kirli       5600
Cikardim       5632
Kirli       5632
Cikardim       5632
Kirli       5632
Cikardim       5632
Kirli       5632
Cikardim       5664
Kirli       5664
Cikardim       5664
Kirli       5664
Cikardim       5664
Kirli       5664
Cikardim       5696
Kirli       5696
Cikardim       5696
Kirli       5696
Cikardim       5696
Kirli       5696
Cikardim       5728
Kirli       5728
Cikardim       5728
Kirli       5728
Cikardim       5728
Kirli       5728
Cikardim       5760
Kirli       5760
Cikardim       5760
Kirli       5760
Cikardim       5760
Kirli       5760
Cikardim       5792
Kirli       5792
Cikardim       5792
Kirli       5792
Cikardim       5792
Kirli       5792
Cikardim       5824
Kirli       5824
Cikardim       5824
Kirli       5824
Cikardim       5824
Kirli       5824
Cikardim       5856
Kirli       5856
Cikardim       5856
Kirli       5856
Cikardim       5856
Kirli       5856
Cikardim       5888
Kirli       5888
Cikardim       5888
Kirli       5888
Cikardim       5888
Kirli       5888
Cikardim       5920
Kirli       5920
Cikardim       5920
Kirli       5920
Cikardim       5920
Kirli       5920
Cikardim       5952
Kirli       5952
Cikardim       5952
Kirli       5952
Cikardim       5952
Kirli       5952
Cikardim       5984
Kirli       5984
Cikardim       5984
Kirli       5984
Cikardim       5984
Kirli       5984
Cikardim       6016
Kirli       6016
Cikardim       6016
Kirli       6016
Cikardim       6016
Kirli       6016
Cikardim       6048
Kirli       6048
Cikardim       6048
Kirli       6048
Cikardim       6048
Kirli       6048
Cikardim       6080
Kirli       6080
Cikardim       6080
Kirli       6080
Cikardim       6080
Kirli       6080
Cikardim       6112
Kirli       6112
Cikardim       6112
Kirli       6112
Cikardim       6112
Kirli       6112
Cikardim       6144
Kirli       6144
Cikardim       6144
Kirli       6144
Cikardim       6144
Kirli       6144
Cikardim       6176
Kirli       6176
Cikardim       6176
Kirli       6176
Cikardim       6176
Kirli       6176
Cikardim       6208
Kirli       6208
Cikardim       6208
Kirli       6208
Cikardim       6208
Kirli       6208
Cikardim       6240
Kirli       6240
Cikardim       6240
Kirli       6240
Cikardim       6240
Kirli       6240
Cikardim       6272
Kirli       6272
Cikardim       6272
Kirli       6272
Cikardim       6272
Kirli       6272
Cikardim       6304
Kirli       6304
Cikardim       6304
Kirli       6304
Cikardim       6304
Kirli       6304
Cikardim       6336
Kirli       6336
Cikardim       6336
Kirli       6336
Cikardim       6336
Kirli       6336
Cikardim       6368
Kirli       6368
Cikardim       6368
Kirli       6368
Cikardim       6368
Kirli       6368
Cikardim       6400
Kirli       6400
Cikardim       6400
Kirli       6400
Cikardim       6400
Kirli       6400
Cikardim       6432
Kirli       6432
Cikardim       6432
Kirli       6432
Cikardim       6432
Kirli       6432
Cikardim       6464
Kirli       6464
Cikardim       6464
Kirli       6464
Cikardim       6464
Kirli       6464
Cikardim       6496
Kirli       6496
Cikardim       6496
Kirli       6496
Cikardim       6496
Kirli       6496
Cikardim       6528
Kirli       6528
Cikardim       6528
Kirli       6528
Cikardim       6528
Kirli       6528
Cikardim       6560
Kirli       6560
Cikardim       6560
Kirli       6560
Cikardim       6560
Kirli       6560
Cikardim       6592
Kirli       6592
Cikardim       6592
Kirli       6592
Cikardim       6592
Kirli       6592
Cikardim       6624
Kirli       6624
Cikardim       6624
Kirli       6624
Cikardim       6624
Kirli       6624
Cikardim       6656
Kirli       6656
Cikardim       6656
Kirli       6656
Cikardim       6656
Kirli       6656
Cikardim       6688
Kirli       6688
Cikardim       6688
Kirli       6688
Cikardim       6688
Kirli       6688
Cikardim       6720
Kirli       6720
Cikardim       6720
Kirli       6720
Cikardim       6720
Kirli       6720
Cikardim       6752
Kirli       6752
Cikardim       6752
Kirli       6752
Cikardim       6752
Kirli       6752
Cikardim       6784
Kirli       6784
Cikardim       6784
Kirli       6784
Cikardim       6784
Kirli       6784
Cikardim       6816
Kirli       6816
Cikardim       6816
Kirli       6816
Cikardim       6816
Kirli       6816
Cikardim       6848
Kirli       6848
Cikardim       6848
Kirli       6848
Cikardim       6848
Kirli       6848
Cikardim       6880
Kirli       6880
Cikardim       6880
Kirli       6880
Cikardim       6880
Kirli       6880
Cikardim       6912
Kirli       6912
Cikardim       6912
Kirli       6912
Cikardim       6912
Kirli       6912
Cikardim       6944
Kirli       6944
Cikardim       6944
Kirli       6944
Cikardim       6944
Kirli       6944
Cikardim       6976
Kirli       6976
Cikardim       6976
Kirli       6976
Cikardim       6976
Kirli       6976
Cikardim       7008
Kirli       7008
Cikardim       7008
Kirli       7008
Cikardim       7008
Kirli       7008
Cikardim       7040
Kirli       7040
Cikardim       7040
Kirli       7040
Cikardim       7040
Kirli       7040
Cikardim       7072
Kirli       7072
Cikardim       7072
Kirli       7072
Cikardim       7072
Kirli       7072
Cikardim       7104
Kirli       7104
Cikardim       7104
Kirli       7104
Cikardim       7104
Kirli       7104
Cikardim       7136
Kirli       7136
Cikardim       7136
Kirli       7136
Cikardim       7136
Kirli       7136
Cikardim       7168
Kirli       7168
Cikardim       7168
Kirli       7168
Cikardim       7168
Kirli       7168
Cikardim       7200
Kirli       7200
Cikardim       7200
Kirli       7200
Cikardim       7200
Kirli       7200
Cikardim       7232
Kirli       7232
Cikardim       7232
Kirli       7232
Cikardim       7232
Kirli       7232
Cikardim       7264
Kirli       7264
Cikardim       7264
Kirli       7264
Cikardim       7264
Kirli       7264
Cikardim       7296
Kirli       7296
Cikardim       7296
Kirli       7296
Cikardim       7296
Kirli       7296
Cikardim       7328
Kirli       7328
Cikardim       7328
Kirli       7328
Cikardim       7328
Kirli       7328
Cikardim       7360
Kirli       7360
Cikardim       7360
Kirli       7360
Cikardim       7360
Kirli       7360
Cikardim       7392
Kirli       7392
Cikardim       7392
Kirli       7392
Cikardim       7392
Kirli       7392
Cikardim       7424
Kirli       7424
Cikardim       7424
Kirli       7424
Cikardim       7424
Kirli       7424
Cikardim       7456
Kirli       7456
Cikardim       7456
Kirli       7456
Cikardim       7456
Kirli       7456
Cikardim       7488
Kirli       7488
Cikardim       7488
Kirli       7488
Cikardim       7488
Kirli       7488
Cikardim       7520
Kirli       7520
Cikardim       7520
Kirli       7520
Cikardim       7520
Kirli       7520
Cikardim       7552
Kirli       7552
Cikardim       7552
Kirli       7552
Cikardim       7552
Kirli       7552
Cikardim       7584
Kirli       7584
Cikardim       7584
Kirli       7584
Cikardim       7584
Kirli       7584
Cikardim       7616
Kirli       7616
Cikardim       7616
Kirli       7616
Cikardim       7616
Kirli       7616
Cikardim       7648
Kirli       7648
Cikardim       7648
Kirli       7648
Cikardim       7648
Kirli       7648
Cikardim       7680
Kirli       7680
Cikardim       7680
Kirli       7680
Cikardim       7680
Kirli       7680
Cikardim       7712
Kirli       7712
Cikardim       7712
Kirli       7712
Cikardim       7712
Kirli       7712
Cikardim       7744
Kirli       7744
Cikardim       7744
Kirli       7744
Cikardim       7744
Kirli       7744
Cikardim       7776
Kirli       7776
Cikardim       7776
Kirli       7776
Cikardim       7776
Kirli       7776
Cikardim       7808
Kirli       7808
Cikardim       7808
Kirli       7808
Cikardim       7808
Kirli       7808
Cikardim       7840
Kirli       7840
Cikardim       7840
Kirli       7840
Cikardim       7840
Kirli       7840
Cikardim       7872
Kirli       7872
Cikardim       7872
Kirli       7872
Cikardim       7872
Kirli       7872
Cikardim       7904
Kirli       7904
Cikardim       7904
Kirli       7904
Cikardim       7904
Kirli       7904
Cikardim       7936
Kirli       7936
Cikardim       7936
Kirli       7936
Cikardim       7936
Kirli       7936
Cikardim       7968
Kirli       7968
Cikardim       7968
Kirli       7968
Cikardim       7968
Kirli       7968
Cikardim       8000
Kirli       8000
Cikardim       8000
Kirli       8000
Cikardim       8000
Kirli       8000
Cikardim       8032
Kirli       8032
Cikardim       8032
Kirli       8032
Cikardim       8032
Kirli       8032
Cikardim       8064
Kirli       8064
Cikardim       8064
Kirli       8064
Cikardim       8064
Kirli       8064
Cikardim       8096
Kirli       8096
Cikardim       8096
Kirli       8096
Cikardim       8096
Kirli       8096
Cikardim       8128
Kirli       8128
Cikardim       8128
Kirli       8128
Cikardim       8128
Kirli       8128
Cikardim       8160
Kirli       8160
Cikardim       8160
Kirli       8160
Cikardim       8160
Kirli       8160
Cikardim       8192
Kirli       8192
Cikardim       8192
Kirli       8192
Cikardim       8192
Kirli       8192
Cikardim       8224
Kirli       8224
Cikardim       8224
Kirli       8224
Cikardim       8224
Kirli       8224
Cikardim       8256
Kirli       8256
Cikardim       8256
Kirli       8256
Cikardim       8256
Kirli       8256
Cikardim       8288
Kirli       8288
Cikardim       8288
Kirli       8288
Cikardim       8288
Kirli       8288
Cikardim       8320
Kirli       8320
Cikardim       8320
Kirli       8320
Cikardim       8320
Kirli       8320
Cikardim       8352
Kirli       8352
Cikardim       8352
Kirli       8352
Cikardim       8352
Kirli       8352
Cikardim       8384
Kirli       8384
Cikardim       8384
Kirli       8384
Cikardim       8384
Kirli       8384
Cikardim       8416
Kirli       8416
Cikardim       8416
Kirli       8416
Cikardim       8416
Kirli       8416
Cikardim       8448
Kirli       8448
Cikardim       8448
Kirli       8448
Cikardim       8448
Kirli       8448
Cikardim       8480
Kirli       8480
Cikardim       8480
Kirli       8480
Cikardim       8480
Kirli       8480
Cikardim       8512
Kirli       8512
Cikardim       8512
Kirli       8512
Cikardim       8512
Kirli       8512
Cikardim       8544
Kirli       8544
Cikardim       8544
Kirli       8544
Cikardim       8544
Kirli       8544
Cikardim       8576
Kirli       8576
Cikardim       8576
Kirli       8576
Cikardim       8576
Kirli       8576
Cikardim       8608
Kirli       8608
Cikardim       8608
Kirli       8608
Cikardim       8608
Kirli       8608
Cikardim       8640
Kirli       8640
Cikardim       8640
Kirli       8640
Cikardim       8640
Kirli       8640
Cikardim       8672
Kirli       8672
Cikardim       8672
Kirli       8672
Cikardim       8672
Kirli       8672
Cikardim       8704
Kirli       8704
Cikardim       8704
Kirli       8704
Cikardim       8704
Kirli       8704
Cikardim       8736
Kirli       8736
Cikardim       8736
Kirli       8736
Cikardim       8736
Kirli       8736
Cikardim       8768
Kirli       8768
Cikardim       8768
Kirli       8768
Cikardim       8768
Kirli       8768
Cikardim       8800
Kirli       8800
Cikardim       8800
Kirli       8800
Cikardim       8800
Kirli       8800
Cikardim       8832
Kirli       8832
Cikardim       8832
Kirli       8832
Cikardim       8832
Kirli       8832
Cikardim       8864
Kirli       8864
Cikardim       8864
Kirli       8864
Cikardim       8864
Kirli       8864
Cikardim       8896
Kirli       8896
Cikardim       8896
Kirli       8896
Cikardim       8896
Kirli       8896
Cikardim       8928
Kirli       8928
Cikardim       8928
Kirli       8928
Cikardim       8928
Kirli       8928
Cikardim       8960
Kirli       8960
Cikardim       8960
Kirli       8960
Cikardim       8960
Kirli       8960
Cikardim       8992
Kirli       8992
Cikardim       8992
Kirli       8992
Cikardim       8992
Kirli       8992
Cikardim       9024
Kirli       9024
Cikardim       9024
Kirli       9024
Cikardim       9024
Kirli       9024
Cikardim       9056
Kirli       9056
Cikardim       9056
Kirli       9056
Cikardim       9056
Kirli       9056
Cikardim       9088
Kirli       9088
Cikardim       9088
Kirli       9088
Cikardim       9088
Kirli       9088
Cikardim       9120
Kirli       9120
Cikardim       9120
Kirli       9120
Cikardim       9120
Kirli       9120
Cikardim       9152
Kirli       9152
Cikardim       9152
Kirli       9152
Cikardim       9152
Kirli       9152
Cikardim       9184
Kirli       9184
Cikardim       9184
Kirli       9184
Cikardim       9184
Kirli       9184
Cikardim       9216
Kirli       9216
Cikardim       9216
Kirli       9216
Cikardim       9216
Kirli       9216
Cikardim       9248
Kirli       9248
Cikardim       9248
Kirli       9248
Cikardim       9248
Kirli       9248
Cikardim       9280
Kirli       9280
Cikardim       9280
Kirli       9280
Cikardim       9280
Kirli       9280
Cikardim       9312
Kirli       9312
Cikardim       9312
Kirli       9312
Cikardim       9312
Kirli       9312
Cikardim       9344
Kirli       9344
Cikardim       9344
Kirli       9344
Cikardim       9344
Kirli       9344
Cikardim       9376
Kirli       9376
Cikardim       9376
Kirli       9376
Cikardim       9376
Kirli       9376
Cikardim       9408
Kirli       9408
Cikardim       9408
Kirli       9408
Cikardim       9408
Kirli       9408
Cikardim       9440
Kirli       9440
Cikardim       9440
Kirli       9440
Cikardim       9440
Kirli       9440
Cikardim       9472
Kirli       9472
Cikardim       9472
Kirli       9472
Cikardim       9472
Kirli       9472
Cikardim       9504
Kirli       9504
Cikardim       9504
Kirli       9504
Cikardim       9504
Kirli       9504
Cikardim       9536
Kirli       9536
Cikardim       9536
Kirli       9536
Cikardim       9536
Kirli       9536
Cikardim       9568
Kirli       9568
Cikardim       9568
Kirli       9568
Cikardim       9568
Kirli       9568
Cikardim       9600
Kirli       9600
Cikardim       9600
Kirli       9600
Cikardim       9600
Kirli       9600
Cikardim       9632
Kirli       9632
Cikardim       9632
Kirli       9632
Cikardim       9632
Kirli       9632
Cikardim       9664
Kirli       9664
Cikardim       9664
Kirli       9664
Cikardim       9664
Kirli       9664
Cikardim       9696
Kirli       9696
Cikardim       9696
Kirli       9696
Cikardim       9696
Kirli       9696
Cikardim       9728
Kirli       9728
Cikardim       9728
Kirli       9728
Cikardim       9728
Kirli       9728
Cikardim       9760
Kirli       9760
Cikardim       9760
Kirli       9760
Cikardim       9760
Kirli       9760
Cikardim       9792
Kirli       9792
Cikardim       9792
Kirli       9792
Cikardim       9792
Kirli       9792
Cikardim       9824
Kirli       9824
Cikardim       9824
Kirli       9824
Cikardim       9824
Kirli       9824
Cikardim       9856
Kirli       9856
Cikardim       9856
Kirli       9856
Cikardim       9856
Kirli       9856
Cikardim       9888
Kirli       9888
Cikardim       9888
Kirli       9888
Cikardim       9888
Kirli       9888
Cikardim       9920
Kirli       9920
Cikardim       9920
Kirli       9920
Cikardim       9920
Kirli       9920
Cikardim       9952
Kirli       9952
Cikardim       9952
Kirli       9952
Cikardim       9952
Kirli       9952
Cikardim       9984
Kirli       9984
Cikardim       9984
Kirli       9984
Cikardim       9984
Kirli       9984
Cikardim      10016
Kirli      10016
Cikardim      10016
Kirli      10016
Cikardim      10016
Kirli      10016
Cikardim      10048
Kirli      10048
Cikardim      10048
Kirli      10048
Cikardim      10048
Kirli      10048
Cikardim      10080
Kirli      10080
Cikardim      10080
Kirli      10080
Cikardim      10080
Kirli      10080
Cikardim      10112
Kirli      10112
Cikardim      10112
Kirli      10112
Cikardim      10112
Kirli      10112
Cikardim      10144
Kirli      10144
Cikardim      10144
Kirli      10144
Cikardim      10144
Kirli      10144
Cikardim      10176
Kirli      10176
Cikardim      10176
Kirli      10176
Cikardim      10176
Kirli      10176
Cikardim      10208
Kirli      10208
Cikardim      10208
Kirli      10208
Cikardim      10208
Kirli      10208
Cikardim      10240
Kirli      10240
Cikardim      10240
Kirli      10240
Cikardim      10240
Kirli      10240
Cikardim      10272
Kirli      10272
Cikardim      10272
Kirli      10272
Cikardim      10272
Kirli      10272
Cikardim      10304
Kirli      10304
Cikardim      10304
Kirli      10304
Cikardim      10304
Kirli      10304
Cikardim      10336
Kirli      10336
Cikardim      10336
Kirli      10336
Cikardim      10336
Kirli      10336
Cikardim      10368
Kirli      10368
Cikardim      10368
Kirli      10368
Cikardim      10368
Kirli      10368
Cikardim      10400
Kirli      10400
Cikardim      10400
Kirli      10400
Cikardim      10400
Kirli      10400
Cikardim      10432
Kirli      10432
Cikardim      10432
Kirli      10432
Cikardim      10432
Kirli      10432
Cikardim      10464
Kirli      10464
Cikardim      10464
Kirli      10464
Cikardim      10464
Kirli      10464
Cikardim      10496
Kirli      10496
Cikardim      10496
Kirli      10496
Cikardim      10496
Kirli      10496
Cikardim      10528
Kirli      10528
Cikardim      10528
Kirli      10528
Cikardim      10528
Kirli      10528
Cikardim      10560
Kirli      10560
Cikardim      10560
Kirli      10560
Cikardim      10560
Kirli      10560
Cikardim      10592
Kirli      10592
Cikardim      10592
Kirli      10592
Cikardim      10592
Kirli      10592
Cikardim      10624
Kirli      10624
Cikardim      10624
Kirli      10624
Cikardim      10624
Kirli      10624
Cikardim      10656
Kirli      10656
Cikardim      10656
Kirli      10656
Cikardim      10656
Kirli      10656
Cikardim      10688
Kirli      10688
Cikardim      10688
Kirli      10688
Cikardim      10688
Kirli      10688
Cikardim      10720
Kirli      10720
Cikardim      10720
Kirli      10720
Cikardim      10720
Kirli      10720
Cikardim      10752
Kirli      10752
Cikardim      10752
Kirli      10752
Cikardim      10752
Kirli      10752
Cikardim      10784
Kirli      10784
Cikardim      10784
Kirli      10784
Cikardim      10784
Kirli      10784
Cikardim      10816
Kirli      10816
Cikardim      10816
Kirli      10816
Cikardim      10816
Kirli      10816
Cikardim      10848
Kirli      10848
Cikardim      10848
Kirli      10848
Cikardim      10848
Kirli      10848
Cikardim      10880
Kirli      10880
Cikardim      10880
Kirli      10880
Cikardim      10880
Kirli      10880
Cikardim      10912
Kirli      10912
Cikardim      10912
Kirli      10912
Cikardim      10912
Kirli      10912
Cikardim      10944
Kirli      10944
Cikardim      10944
Kirli      10944
Cikardim      10944
Kirli      10944
Cikardim      10976
Kirli      10976
Cikardim      10976
Kirli      10976
Cikardim      10976
Kirli      10976
Cikardim      11008
Kirli      11008
Cikardim      11008
Kirli      11008
Cikardim      11008
Kirli      11008
Cikardim      11040
Kirli      11040
Cikardim      11040
Kirli      11040
Cikardim      11040
Kirli      11040
Cikardim      11072
Kirli      11072
Cikardim      11072
Kirli      11072
Cikardim      11072
Kirli      11072
Cikardim      11104
Kirli      11104
Cikardim      11104
Kirli      11104
Cikardim      11104
Kirli      11104
Cikardim      11136
Kirli      11136
Cikardim      11136
Kirli      11136
Cikardim      11136
Kirli      11136
Cikardim      11168
Kirli      11168
Cikardim      11168
Kirli      11168
Cikardim      11168
Kirli      11168
Cikardim      11200
Kirli      11200
Cikardim      11200
Kirli      11200
Cikardim      11200
Kirli      11200
Cikardim      11232
Kirli      11232
Cikardim      11232
Kirli      11232
Cikardim      11232
Kirli      11232
Cikardim      11264
Kirli      11264
Cikardim      11264
Kirli      11264
Cikardim      11264
Kirli      11264
Cikardim      11296
Kirli      11296
Cikardim      11296
Kirli      11296
Cikardim      11296
Kirli      11296
Cikardim      11328
Kirli      11328
Cikardim      11328
Kirli      11328
Cikardim      11328
Kirli      11328
Cikardim      11360
Kirli      11360
Cikardim      11360
Kirli      11360
Cikardim      11360
Kirli      11360
Cikardim      11392
Kirli      11392
Cikardim      11392
Kirli      11392
Cikardim      11392
Kirli      11392
Cikardim      11424
Kirli      11424
Cikardim      11424
Kirli      11424
Cikardim      11424
Kirli      11424
Cikardim      11456
Kirli      11456
Cikardim      11456
Kirli      11456
Cikardim      11456
Kirli      11456
Cikardim      11488
Kirli      11488
Cikardim      11488
Kirli      11488
Cikardim      11488
Kirli      11488
Cikardim      11520
Kirli      11520
Cikardim      11520
Kirli      11520
Cikardim      11520
Kirli      11520
Cikardim      11552
Kirli      11552
Cikardim      11552
Kirli      11552
Cikardim      11552
Kirli      11552
Cikardim      11584
Kirli      11584
Cikardim      11584
Kirli      11584
Cikardim      11584
Kirli      11584
Cikardim      11616
Kirli      11616
Cikardim      11616
Kirli      11616
Cikardim      11616
Kirli      11616
Cikardim      11648
Kirli      11648
Cikardim      11648
Kirli      11648
Cikardim      11648
Kirli      11648
Cikardim      11680
Kirli      11680
Cikardim      11680
Kirli      11680
Cikardim      11680
Kirli      11680
Cikardim      11712
Kirli      11712
Cikardim      11712
Kirli      11712
Cikardim      11712
Kirli      11712
Cikardim      11744
Kirli      11744
Cikardim      11744
Kirli      11744
Cikardim      11744
Kirli      11744
Cikardim      11776
Kirli      11776
Cikardim      11776
Kirli      11776
Cikardim      11776
Kirli      11776
Cikardim      11808
Kirli      11808
Cikardim      11808
Kirli      11808
Cikardim      11808
Kirli      11808
Cikardim      11840
Kirli      11840
Cikardim      11840
Kirli      11840
Cikardim      11840
Kirli      11840
Cikardim      11872
Kirli      11872
Cikardim      11872
Kirli      11872
Cikardim      11872
Kirli      11872
Cikardim      11904
Kirli      11904
Cikardim      11904
Kirli      11904
Cikardim      11904
Kirli      11904
Cikardim      11936
Kirli      11936
Cikardim      11936
Kirli      11936
Cikardim      11936
Kirli      11936
Cikardim      11968
Kirli      11968
Cikardim      11968
Kirli      11968
Cikardim      11968
Kirli      11968
Cikardim      12000
Kirli      12000
Cikardim      12000
Kirli      12000
Cikardim      12000
Kirli      12000
Cikardim      12032
Kirli      12032
Cikardim      12032
Kirli      12032
Cikardim      12032
Kirli      12032
Cikardim      12064
Kirli      12064
Cikardim      12064
Kirli      12064
Cikardim      12064
Kirli      12064
Cikardim      12096
Kirli      12096
Cikardim      12096
Kirli      12096
Cikardim      12096
Kirli      12096
Cikardim      12128
Kirli      12128
Cikardim      12128
Kirli      12128
Cikardim      12128
Kirli      12128
Cikardim      12160
Kirli      12160
Cikardim      12160
Kirli      12160
Cikardim      12160
Kirli      12160
Cikardim      12192
Kirli      12192
Cikardim      12192
Kirli      12192
Cikardim      12192
Kirli      12192
Cikardim      12224
Kirli      12224
Cikardim      12224
Kirli      12224
Cikardim      12224
Kirli      12224
Cikardim      12256
Kirli      12256
Cikardim      12256
Kirli      12256
Cikardim      12256
Kirli      12256
Cikardim      12288
Kirli      12288
Cikardim      12288
Kirli      12288
Cikardim      12288
Kirli      12288
Cikardim      12320
Kirli      12320
Cikardim      12320
Kirli      12320
Cikardim      12320
Kirli      12320
Cikardim      12352
Kirli      12352
Cikardim      12352
Kirli      12352
Cikardim      12352
Kirli      12352
Cikardim      12384
Kirli      12384
Cikardim      12384
Kirli      12384
Cikardim      12384
Kirli      12384
Cikardim      12416
Kirli      12416
Cikardim      12416
Kirli      12416
Cikardim      12416
Kirli      12416
Cikardim      12448
Kirli      12448
Cikardim      12448
Kirli      12448
Cikardim      12448
Kirli      12448
Cikardim      12480
Kirli      12480
Cikardim      12480
Kirli      12480
Cikardim      12480
Kirli      12480
Cikardim      12512
Kirli      12512
Cikardim      12512
Kirli      12512
Cikardim      12512
Kirli      12512
Cikardim      12544
Kirli      12544
Cikardim      12544
Kirli      12544
Cikardim      12544
Kirli      12544
Cikardim      12576
Kirli      12576
Cikardim      12576
Kirli      12576
Cikardim      12576
Kirli      12576
Cikardim      12608
Kirli      12608
Cikardim      12608
Kirli      12608
Cikardim      12608
Kirli      12608
Cikardim      12640
Kirli      12640
Cikardim      12640
Kirli      12640
Cikardim      12640
Kirli      12640
Cikardim      12672
Kirli      12672
Cikardim      12672
Kirli      12672
Cikardim      12672
Kirli      12672
Cikardim      12704
Kirli      12704
Cikardim      12704
Kirli      12704
Cikardim      12704
Kirli      12704
Cikardim      12736
Kirli      12736
Cikardim      12736
Kirli      12736
Cikardim      12736
Kirli      12736
Cikardim      12768
Kirli      12768
Cikardim      12768
Kirli      12768
Cikardim      12768
Kirli      12768
Cikardim      12800
Kirli      12800
Cikardim      12800
Kirli      12800
Cikardim      12800
Kirli      12800
Cikardim      12832
Kirli      12832
Cikardim      12832
Kirli      12832
Cikardim      12832
Kirli      12832
Cikardim      12864
Kirli      12864
Cikardim      12864
Kirli      12864
Cikardim      12864
Kirli      12864
Cikardim      12896
Kirli      12896
Cikardim      12896
Kirli      12896
Cikardim      12896
Kirli      12896
Cikardim      12928
Kirli      12928
Cikardim      12928
Kirli      12928
Cikardim      12928
Kirli      12928
Cikardim      12960
Kirli      12960
Cikardim      12960
Kirli      12960
Cikardim      12960
Kirli      12960
Cikardim      12992
Kirli      12992
Cikardim      12992
Kirli      12992
Cikardim      12992
Kirli      12992
Cikardim      13024
Kirli      13024
Cikardim      13024
Kirli      13024
Cikardim      13024
Kirli      13024
Cikardim      13056
Kirli      13056
Cikardim      13056
Kirli      13056
Cikardim      13056
Kirli      13056
Cikardim      13088
Kirli      13088
Cikardim      13088
Kirli      13088
Cikardim      13088
Kirli      13088
Cikardim      13120
Kirli      13120
Cikardim      13120
Kirli      13120
Cikardim      13120
Kirli      13120
Cikardim      13152
Kirli      13152
Cikardim      13152
Kirli      13152
Cikardim      13152
Kirli      13152
Cikardim      13184
Kirli      13184
Cikardim      13184
Kirli      13184
Cikardim      13184
Kirli      13184
Cikardim      13216
Kirli      13216
Cikardim      13216
Kirli      13216
Cikardim      13216
Kirli      13216
Cikardim      13248
Kirli      13248
Cikardim      13248
Kirli      13248
Cikardim      13248
Kirli      13248
Cikardim      13280
Kirli      13280
Cikardim      13280
Kirli      13280
Cikardim      13280
Kirli      13280
Cikardim      13312
Kirli      13312
Cikardim      13312
Kirli      13312
Cikardim      13312
Kirli      13312
Cikardim      13344
Kirli      13344
Cikardim      13344
Kirli      13344
Cikardim      13344
Kirli      13344
Cikardim      13376
Kirli      13376
Cikardim      13376
Kirli      13376
Cikardim      13376
Kirli      13376
Cikardim      13408
Kirli      13408
Cikardim      13408
Kirli      13408
Cikardim      13408
Kirli      13408
Cikardim      13440
Kirli      13440
Cikardim      13440
Kirli      13440
Cikardim      13440
Kirli      13440
Cikardim      13472
Kirli      13472
Cikardim      13472
Kirli      13472
Cikardim      13472
Kirli      13472
Cikardim      13504
Kirli      13504
Cikardim      13504
Kirli      13504
Cikardim      13504
Kirli      13504
Cikardim      13536
Kirli      13536
Cikardim      13536
Kirli      13536
Cikardim      13536
Kirli      13536
Cikardim      13568
Kirli      13568
Cikardim      13568
Kirli      13568
Cikardim      13568
Kirli      13568
Cikardim      13600
Kirli      13600
Cikardim      13600
Kirli      13600
Cikardim      13600
Kirli      13600
Cikardim      13632
Kirli      13632
Cikardim      13632
Kirli      13632
Cikardim      13632
Kirli      13632
Cikardim      13664
Kirli      13664
Cikardim      13664
Kirli      13664
Cikardim      13664
Kirli      13664
Cikardim      13696
Kirli      13696
Cikardim      13696
Kirli      13696
Cikardim      13696
Kirli      13696
Cikardim      13728
Kirli      13728
Cikardim      13728
Kirli      13728
Cikardim      13728
Kirli      13728
Cikardim      13760
Kirli      13760
Cikardim      13760
Kirli      13760
Cikardim      13760
Kirli      13760
Cikardim      13792
Kirli      13792
Cikardim      13792
Kirli      13792
Cikardim      13792
Kirli      13792
Cikardim      13824
Kirli      13824
Cikardim      13824
Kirli      13824
Cikardim      13824
Kirli      13824
Cikardim      13856
Kirli      13856
Cikardim      13856
Kirli      13856
Cikardim      13856
Kirli      13856
Cikardim      13888
Kirli      13888
Cikardim      13888
Kirli      13888
Cikardim      13888
Kirli      13888
Cikardim      13920
Kirli      13920
Cikardim      13920
Kirli      13920
Cikardim      13920
Kirli      13920
Cikardim      13952
Kirli      13952
Cikardim      13952
Kirli      13952
Cikardim      13952
Kirli      13952
Cikardim      13984
Kirli      13984
Cikardim      13984
Kirli      13984
Cikardim      13984
Kirli      13984
Cikardim      14016
Kirli      14016
Cikardim      14016
Kirli      14016
Cikardim      14016
Kirli      14016
Cikardim      14048
Kirli      14048
Cikardim      14048
Kirli      14048
Cikardim      14048
Kirli      14048
Cikardim      14080
Kirli      14080
Cikardim      14080
Kirli      14080
Cikardim      14080
Kirli      14080
Cikardim      14112
Kirli      14112
Cikardim      14112
Kirli      14112
Cikardim      14112
Kirli      14112
Cikardim      14144
Kirli      14144
Cikardim      14144
Kirli      14144
Cikardim      14144
Kirli      14144
Cikardim      14176
Kirli      14176
Cikardim      14176
Kirli      14176
Cikardim      14176
Kirli      14176
Cikardim      14208
Kirli      14208
Cikardim      14208
Kirli      14208
Cikardim      14208
Kirli      14208
Cikardim      14240
Kirli      14240
Cikardim      14240
Kirli      14240
Cikardim      14240
Kirli      14240
Cikardim      14272
Kirli      14272
Cikardim      14272
Kirli      14272
Cikardim      14272
Kirli      14272
Cikardim      14304
Kirli      14304
Cikardim      14304
Kirli      14304
Cikardim      14304
Kirli      14304
Cikardim      14336
Kirli      14336
Cikardim      14336
Kirli      14336
Cikardim      14336
Kirli      14336
Cikardim      14368
Kirli      14368
Cikardim      14368
Kirli      14368
Cikardim      14368
Kirli      14368
Cikardim      14400
Kirli      14400
Cikardim      14400
Kirli      14400
Cikardim      14400
Kirli      14400
Cikardim      14432
Kirli      14432
Cikardim      14432
Kirli      14432
Cikardim      14432
Kirli      14432
Cikardim      14464
Kirli      14464
Cikardim      14464
Kirli      14464
Cikardim      14464
Kirli      14464
Cikardim      14496
Kirli      14496
Cikardim      14496
Kirli      14496
Cikardim      14496
Kirli      14496
Cikardim      14528
Kirli      14528
Cikardim      14528
Kirli      14528
Cikardim      14528
Kirli      14528
Cikardim      14560
Kirli      14560
Cikardim      14560
Kirli      14560
Cikardim      14560
Kirli      14560
Cikardim      14592
Kirli      14592
Cikardim      14592
Kirli      14592
Cikardim      14592
Kirli      14592
Cikardim      14624
Kirli      14624
Cikardim      14624
Kirli      14624
Cikardim      14624
Kirli      14624
Cikardim      14656
Kirli      14656
Cikardim      14656
Kirli      14656
Cikardim      14656
Kirli      14656
Cikardim      14688
Kirli      14688
Cikardim      14688
Kirli      14688
Cikardim      14688
Kirli      14688
Cikardim      14720
Kirli      14720
Cikardim      14720
Kirli      14720
Cikardim      14720
Kirli      14720
Cikardim      14752
Kirli      14752
Cikardim      14752
Kirli      14752
Cikardim      14752
Kirli      14752
Cikardim      14784
Kirli      14784
Cikardim      14784
Kirli      14784
Cikardim      14784
Kirli      14784
Cikardim      14816
Kirli      14816
Cikardim      14816
Kirli      14816
Cikardim      14816
Kirli      14816
Cikardim      14848
Kirli      14848
Cikardim      14848
Kirli      14848
Cikardim      14848
Kirli      14848
Cikardim      14880
Kirli      14880
Cikardim      14880
Kirli      14880
Cikardim      14880
Kirli      14880
Cikardim      14912
Kirli      14912
Cikardim      14912
Kirli      14912
Cikardim      14912
Kirli      14912
Cikardim      14944
Kirli      14944
Cikardim      14944
Kirli      14944
Cikardim      14944
Kirli      14944
Cikardim      14976
Kirli      14976
Cikardim      14976
Kirli      14976
Cikardim      14976
Kirli      14976
Cikardim      15008
Kirli      15008
Cikardim      15008
Kirli      15008
Cikardim      15008
Kirli      15008
Cikardim      15040
Kirli      15040
Cikardim      15040
Kirli      15040
Cikardim      15040
Kirli      15040
Cikardim      15072
Kirli      15072
Cikardim      15072
Kirli      15072
Cikardim      15072
Kirli      15072
Cikardim      15104
Kirli      15104
Cikardim      15104
Kirli      15104
Cikardim      15104
Kirli      15104
Cikardim      15136
Kirli      15136
Cikardim      15136
Kirli      15136
Cikardim      15136
Kirli      15136
Cikardim      15168
Kirli      15168
Cikardim      15168
Kirli      15168
Cikardim      15168
Kirli      15168
Cikardim      15200
Kirli      15200
Cikardim      15200
Kirli      15200
Cikardim      15200
Kirli      15200
Cikardim      15232
Kirli      15232
Cikardim      15232
Kirli      15232
Cikardim      15232
Kirli      15232
Cikardim      15264
Kirli      15264
Cikardim      15264
Kirli      15264
Cikardim      15264
Kirli      15264
Cikardim      15296
Kirli      15296
Cikardim      15296
Kirli      15296
Cikardim      15296
Kirli      15296
Cikardim      15328
Kirli      15328
Cikardim      15328
Kirli      15328
Cikardim      15328
Kirli      15328
Cikardim      15360
Kirli      15360
Cikardim      15360
Kirli      15360
Cikardim      15360
Kirli      15360
Cikardim      15392
Kirli      15392
Cikardim      15392
Kirli      15392
Cikardim      15392
Kirli      15392
Cikardim      15424
Kirli      15424
Cikardim      15424
Kirli      15424
Cikardim      15424
Kirli      15424
Cikardim      15456
Kirli      15456
Cikardim      15456
Kirli      15456
Cikardim      15456
Kirli      15456
Cikardim      15488
Kirli      15488
Cikardim      15488
Kirli      15488
Cikardim      15488
Kirli      15488
Cikardim      15520
Kirli      15520
Cikardim      15520
Kirli      15520
Cikardim      15520
Kirli      15520
Cikardim      15552
Kirli      15552
Cikardim      15552
Kirli      15552
Cikardim      15552
Kirli      15552
Cikardim      15584
Kirli      15584
Cikardim      15584
Kirli      15584
Cikardim      15584
Kirli      15584
Cikardim      15616
Kirli      15616
Cikardim      15616
Kirli      15616
Cikardim      15616
Kirli      15616
Cikardim      15648
Kirli      15648
Cikardim      15648
Kirli      15648
Cikardim      15648
Kirli      15648
Cikardim      15680
Kirli      15680
Cikardim      15680
Kirli      15680
Cikardim      15680
Kirli      15680
Cikardim      15712
Kirli      15712
Cikardim      15712
Kirli      15712
Cikardim      15712
Kirli      15712
Cikardim      15744
Kirli      15744
Cikardim      15744
Kirli      15744
Cikardim      15744
Kirli      15744
Cikardim      15776
Kirli      15776
Cikardim      15776
Kirli      15776
Cikardim      15776
Kirli      15776
Cikardim      15808
Kirli      15808
Cikardim      15808
Kirli      15808
Cikardim      15808
Kirli      15808
Cikardim      15840
Kirli      15840
Cikardim      15840
Kirli      15840
Cikardim      15840
Kirli      15840
Cikardim      15872
Kirli      15872
Cikardim      15872
Kirli      15872
Cikardim      15872
Kirli      15872
Cikardim      15904
Kirli      15904
Cikardim      15904
Kirli      15904
Cikardim      15904
Kirli      15904
Cikardim      15936
Kirli      15936
Cikardim      15936
Kirli      15936
Cikardim      15936
Kirli      15936
Cikardim      15968
Kirli      15968
Cikardim      15968
Kirli      15968
Cikardim      15968
Kirli      15968
Cikardim      16000
Kirli      16000
Cikardim      16000
Kirli      16000
Cikardim      16000
Kirli      16000
Cikardim      16032
Kirli      16032
Cikardim      16032
Kirli      16032
Cikardim      16032
Kirli      16032
Cikardim      16064
Kirli      16064
Cikardim      16064
Kirli      16064
Cikardim      16064
Kirli      16064
Cikardim      16096
Kirli      16096
Cikardim      16096
Kirli      16096
Cikardim      16096
Kirli      16096
Cikardim      16128
Kirli      16128
Cikardim      16128
Kirli      16128
Cikardim      16128
Kirli      16128
Cikardim      16160
Kirli      16160
Cikardim      16160
Kirli      16160
Cikardim      16160
Kirli      16160
Cikardim      16192
Kirli      16192
Cikardim      16192
Kirli      16192
Cikardim      16192
Kirli      16192
Cikardim      16224
Kirli      16224
Cikardim      16224
Kirli      16224
Cikardim      16224
Kirli      16224
Cikardim      16256
Kirli      16256
Cikardim      16256
Kirli      16256
Cikardim      16256
Kirli      16256
Cikardim      16288
Kirli      16288
Cikardim      16288
Kirli      16288
Cikardim      16288
Kirli      16288
Cikardim      16320
Kirli      16320
Cikardim      16320
Kirli      16320
Cikardim      16320
Kirli      16320
Cikardim      16352
Kirli      16352
Cikardim      16352
Kirli      16352
Cikardim      16352
Kirli      16352
Cikardim          0
Kirli          0
Cikardim          0
Kirli          0
Cikardim          0
Kirli          0
Cikardim         32
Kirli         32
Cikardim         32
Kirli         32
Cikardim         32
Kirli         32
Cikardim         64
Kirli         64
Cikardim         64
Kirli         64
Cikardim         64
Kirli         64
Cikardim         96
Kirli         96
Cikardim         96
Kirli         96
Cikardim         96
Kirli         96
Cikardim        128
Kirli        128
Cikardim        128
Kirli        128
Cikardim        128
Kirli        128
Cikardim        160
Kirli        160
Cikardim        160
Kirli        160
Cikardim        160
Kirli        160
Cikardim        192
Kirli        192
Cikardim        192
Kirli        192
Cikardim        192
Kirli        192
Cikardim        224
Kirli        224
Cikardim        224
Kirli        224
Cikardim        224
Kirli        224
Cikardim        256
Kirli        256
Cikardim        256
Kirli        256
Cikardim        256
Kirli        256
Cikardim        288
Kirli        288
Cikardim        288
Kirli        288
Cikardim        288
Kirli        288
Cikardim        320
Kirli        320
Cikardim        320
Kirli        320
Cikardim        320
Kirli        320
Cikardim        352
Kirli        352
Cikardim        352
Kirli        352
Cikardim        352
Kirli        352
Cikardim        384
Kirli        384
Cikardim        384
Kirli        384
Cikardim        384
Kirli        384
Cikardim        416
Kirli        416
Cikardim        416
Kirli        416
Cikardim        416
Kirli        416
Cikardim        448
Kirli        448
Cikardim        448
Kirli        448
Cikardim        448
Kirli        448
Cikardim        480
Kirli        480
Cikardim        480
Kirli        480
Cikardim        480
Kirli        480
Cikardim        512
Kirli        512
Cikardim        512
Kirli        512
Cikardim        512
Kirli        512
Cikardim        544
Kirli        544
Cikardim        544
Kirli        544
Cikardim        544
Kirli        544
Cikardim        576
Kirli        576
Cikardim        576
Kirli        576
Cikardim        576
Kirli        576
Cikardim        608
Kirli        608
Cikardim        608
Kirli        608
Cikardim        608
Kirli        608
Cikardim        640
Kirli        640
Cikardim        640
Kirli        640
Cikardim        640
Kirli        640
Cikardim        672
Kirli        672
Cikardim        672
Kirli        672
Cikardim        672
Kirli        672
Cikardim        704
Kirli        704
Cikardim        704
Kirli        704
Cikardim        704
Kirli        704
Cikardim        736
Kirli        736
Cikardim        736
Kirli        736
Cikardim        736
Kirli        736
Cikardim        768
Kirli        768
Cikardim        768
Kirli        768
Cikardim        768
Kirli        768
Cikardim        800
Kirli        800
Cikardim        800
Kirli        800
Cikardim        800
Kirli        800
Cikardim        832
Kirli        832
Cikardim        832
Kirli        832
Cikardim        832
Kirli        832
Cikardim        864
Kirli        864
Cikardim        864
Kirli        864
Cikardim        864
Kirli        864
Cikardim        896
Kirli        896
Cikardim        896
Kirli        896
Cikardim        896
Kirli        896
Cikardim        928
Kirli        928
Cikardim        928
Kirli        928
Cikardim        928
Kirli        928
Cikardim        960
Kirli        960
Cikardim        960
Kirli        960
Cikardim        960
Kirli        960
Cikardim        992
Kirli        992
Cikardim        992
Kirli        992
Cikardim        992
Kirli        992
Cikardim       1024
Kirli       1024
Cikardim       1024
Kirli       1024
Cikardim       1024
Kirli       1024
Cikardim       1056
Kirli       1056
Cikardim       1056
Kirli       1056
Cikardim       1056
Kirli       1056
Cikardim       1088
Kirli       1088
Cikardim       1088
Kirli       1088
Cikardim       1088
Kirli       1088
Cikardim       1120
Kirli       1120
Cikardim       1120
Kirli       1120
Cikardim       1120
Kirli       1120
Cikardim       1152
Kirli       1152
Cikardim       1152
Kirli       1152
Cikardim       1152
Kirli       1152
Cikardim       1184
Kirli       1184
Cikardim       1184
Kirli       1184
Cikardim       1184
Kirli       1184
Cikardim       1216
Kirli       1216
Cikardim       1216
Kirli       1216
Cikardim       1216
Kirli       1216
Cikardim       1248
Kirli       1248
Cikardim       1248
Kirli       1248
Cikardim       1248
Kirli       1248
Cikardim       1280
Kirli       1280
Cikardim       1280
Kirli       1280
Cikardim       1280
Kirli       1280
Cikardim       1312
Kirli       1312
Cikardim       1312
Kirli       1312
Cikardim       1312
Kirli       1312
Cikardim       1344
Kirli       1344
Cikardim       1344
Kirli       1344
Cikardim       1344
Kirli       1344
Cikardim       1376
Kirli       1376
Cikardim       1376
Kirli       1376
Cikardim       1376
Kirli       1376
Cikardim       1408
Kirli       1408
Cikardim       1408
Kirli       1408
Cikardim       1408
Kirli       1408
Cikardim       1440
Kirli       1440
Cikardim       1440
Kirli       1440
Cikardim       1440
Kirli       1440
Cikardim       1472
Kirli       1472
Cikardim       1472
Kirli       1472
Cikardim       1472
Kirli       1472
Cikardim       1504
Kirli       1504
Cikardim       1504
Kirli       1504
Cikardim       1504
Kirli       1504
Cikardim       1536
Kirli       1536
Cikardim       1536
Kirli       1536
Cikardim       1536
Kirli       1536
Cikardim       1568
Kirli       1568
Cikardim       1568
Kirli       1568
Cikardim       1568
Kirli       1568
Cikardim       1600
Kirli       1600
Cikardim       1600
Kirli       1600
Cikardim       1600
Kirli       1600
Cikardim       1632
Kirli       1632
Cikardim       1632
Kirli       1632
Cikardim       1632
Kirli       1632
Cikardim       1664
Kirli       1664
Cikardim       1664
Kirli       1664
Cikardim       1664
Kirli       1664
Cikardim       1696
Kirli       1696
Cikardim       1696
Kirli       1696
Cikardim       1696
Kirli       1696
Cikardim       1728
Kirli       1728
Cikardim       1728
Kirli       1728
Cikardim       1728
Kirli       1728
Cikardim       1760
Kirli       1760
Cikardim       1760
Kirli       1760
Cikardim       1760
Kirli       1760
Cikardim       1792
Kirli       1792
Cikardim       1792
Kirli       1792
Cikardim       1792
Kirli       1792
Cikardim       1824
Kirli       1824
Cikardim       1824
Kirli       1824
Cikardim       1824
Kirli       1824
Cikardim       1856
Kirli       1856
Cikardim       1856
Kirli       1856
Cikardim       1856
Kirli       1856
Cikardim       1888
Kirli       1888
Cikardim       1888
Kirli       1888
Cikardim       1888
Kirli       1888
Cikardim       1920
Kirli       1920
Cikardim       1920
Kirli       1920
Cikardim       1920
Kirli       1920
Cikardim       1952
Kirli       1952
Cikardim       1952
Kirli       1952
Cikardim       1952
Kirli       1952
Cikardim       1984
Kirli       1984
Cikardim       1984
Kirli       1984
Cikardim       1984
Kirli       1984
Cikardim       2016
Kirli       2016
Cikardim       2016
Kirli       2016
Cikardim       2016
Kirli       2016
Cikardim       2048
Kirli       2048
Cikardim       2048
Kirli       2048
Cikardim       2048
Kirli       2048
Cikardim       2080
Kirli       2080
Cikardim       2080
Kirli       2080
Cikardim       2080
Kirli       2080
Cikardim       2112
Kirli       2112
Cikardim       2112
Kirli       2112
Cikardim       2112
Kirli       2112
Cikardim       2144
Kirli       2144
Cikardim       2144
Kirli       2144
Cikardim       2144
Kirli       2144
Cikardim       2176
Kirli       2176
Cikardim       2176
Kirli       2176
Cikardim       2176
Kirli       2176
Cikardim       2208
Kirli       2208
Cikardim       2208
Kirli       2208
Cikardim       2208
Kirli       2208
Cikardim       2240
Kirli       2240
Cikardim       2240
Kirli       2240
Cikardim       2240
Kirli       2240
Cikardim       2272
Kirli       2272
Cikardim       2272
Kirli       2272
Cikardim       2272
Kirli       2272
Cikardim       2304
Kirli       2304
Cikardim       2304
Kirli       2304
Cikardim       2304
Kirli       2304
Cikardim       2336
Kirli       2336
Cikardim       2336
Kirli       2336
Cikardim       2336
Kirli       2336
Cikardim       2368
Kirli       2368
Cikardim       2368
Kirli       2368
Cikardim       2368
Kirli       2368
Cikardim       2400
Kirli       2400
Cikardim       2400
Kirli       2400
Cikardim       2400
Kirli       2400
Cikardim       2432
Kirli       2432
Cikardim       2432
Kirli       2432
Cikardim       2432
Kirli       2432
Cikardim       2464
Kirli       2464
Cikardim       2464
Kirli       2464
Cikardim       2464
Kirli       2464
Cikardim       2496
Kirli       2496
Cikardim       2496
Kirli       2496
Cikardim       2496
Kirli       2496
Cikardim       2528
Kirli       2528
Cikardim       2528
Kirli       2528
Cikardim       2528
Kirli       2528
Cikardim       2560
Kirli       2560
Cikardim       2560
Kirli       2560
Cikardim       2560
Kirli       2560
Cikardim       2592
Kirli       2592
Cikardim       2592
Kirli       2592
Cikardim       2592
Kirli       2592
Cikardim       2624
Kirli       2624
Cikardim       2624
Kirli       2624
Cikardim       2624
Kirli       2624
Cikardim       2656
Kirli       2656
Cikardim       2656
Kirli       2656
Cikardim       2656
Kirli       2656
Cikardim       2688
Kirli       2688
Cikardim       2688
Kirli       2688
Cikardim       2688
Kirli       2688
Cikardim       2720
Kirli       2720
Cikardim       2720
Kirli       2720
Cikardim       2720
Kirli       2720
Cikardim       2752
Kirli       2752
Cikardim       2752
Kirli       2752
Cikardim       2752
Kirli       2752
Cikardim       2784
Kirli       2784
Cikardim       2784
Kirli       2784
Cikardim       2784
Kirli       2784
Cikardim       2816
Kirli       2816
Cikardim       2816
Kirli       2816
Cikardim       2816
Kirli       2816
Cikardim       2848
Kirli       2848
Cikardim       2848
Kirli       2848
Cikardim       2848
Kirli       2848
Cikardim       2880
Kirli       2880
Cikardim       2880
Kirli       2880
Cikardim       2880
Kirli       2880
Cikardim       2912
Kirli       2912
Cikardim       2912
Kirli       2912
Cikardim       2912
Kirli       2912
Cikardim       2944
Kirli       2944
Cikardim       2944
Kirli       2944
Cikardim       2944
Kirli       2944
Cikardim       2976
Kirli       2976
Cikardim       2976
Kirli       2976
Cikardim       2976
Kirli       2976
Cikardim       3008
Kirli       3008
Cikardim       3008
Kirli       3008
Cikardim       3008
Kirli       3008
Cikardim       3040
Kirli       3040
Cikardim       3040
Kirli       3040
Cikardim       3040
Kirli       3040
Cikardim       3072
Kirli       3072
Cikardim       3072
Kirli       3072
Cikardim       3072
Kirli       3072
Cikardim       3104
Kirli       3104
Cikardim       3104
Kirli       3104
Cikardim       3104
Kirli       3104
Cikardim       3136
Kirli       3136
Cikardim       3136
Kirli       3136
Cikardim       3136
Kirli       3136
Cikardim       3168
Kirli       3168
Cikardim       3168
Kirli       3168
Cikardim       3168
Kirli       3168
Cikardim       3200
Kirli       3200
Cikardim       3200
Kirli       3200
Cikardim       3200
Kirli       3200
Cikardim       3232
Kirli       3232
Cikardim       3232
Kirli       3232
Cikardim       3232
Kirli       3232
Cikardim       3264
Kirli       3264
Cikardim       3264
Kirli       3264
Cikardim       3264
Kirli       3264
Cikardim       3296
Kirli       3296
Cikardim       3296
Kirli       3296
Cikardim       3296
Kirli       3296
Cikardim       3328
Kirli       3328
Cikardim       3328
Kirli       3328
Cikardim       3328
Kirli       3328
Cikardim       3360
Kirli       3360
Cikardim       3360
Kirli       3360
Cikardim       3360
Kirli       3360
Cikardim       3392
Kirli       3392
Cikardim       3392
Kirli       3392
Cikardim       3392
Kirli       3392
Cikardim       3424
Kirli       3424
Cikardim       3424
Kirli       3424
Cikardim       3424
Kirli       3424
Cikardim       3456
Kirli       3456
Cikardim       3456
Kirli       3456
Cikardim       3456
Kirli       3456
Cikardim       3488
Kirli       3488
Cikardim       3488
Kirli       3488
Cikardim       3488
Kirli       3488
Cikardim       3520
Kirli       3520
Cikardim       3520
Kirli       3520
Cikardim       3520
Kirli       3520
Cikardim       3552
Kirli       3552
Cikardim       3552
Kirli       3552
Cikardim       3552
Kirli       3552
Cikardim       3584
Kirli       3584
Cikardim       3584
Kirli       3584
Cikardim       3584
Kirli       3584
Cikardim       3616
Kirli       3616
Cikardim       3616
Kirli       3616
Cikardim       3616
Kirli       3616
Cikardim       3648
Kirli       3648
Cikardim       3648
Kirli       3648
Cikardim       3648
Kirli       3648
Cikardim       3680
Kirli       3680
Cikardim       3680
Kirli       3680
Cikardim       3680
Kirli       3680
Cikardim       3712
Kirli       3712
Cikardim       3712
Kirli       3712
Cikardim       3712
Kirli       3712
Cikardim       3744
Kirli       3744
Cikardim       3744
Kirli       3744
Cikardim       3744
Kirli       3744
Cikardim       3776
Kirli       3776
Cikardim       3776
Kirli       3776
Cikardim       3776
Kirli       3776
Cikardim       3808
Kirli       3808
Cikardim       3808
Kirli       3808
Cikardim       3808
Kirli       3808
Cikardim       3840
Kirli       3840
Cikardim       3840
Kirli       3840
Cikardim       3840
Kirli       3840
Cikardim       3872
Kirli       3872
Cikardim       3872
Kirli       3872
Cikardim       3872
Kirli       3872
Cikardim       3904
Kirli       3904
Cikardim       3904
Kirli       3904
Cikardim       3904
Kirli       3904
Cikardim       3936
Kirli       3936
Cikardim       3936
Kirli       3936
Cikardim       3936
Kirli       3936
Cikardim       3968
Kirli       3968
Cikardim       3968
Kirli       3968
Cikardim       3968
Kirli       3968
Cikardim       4000
Kirli       4000
Cikardim       4000
Kirli       4000
Cikardim       4000
Kirli       4000
Cikardim       4032
Kirli       4032
Cikardim       4032
Kirli       4032
Cikardim       4032
Kirli       4032
Cikardim       4064
Kirli       4064
Cikardim       4064
Kirli       4064
Cikardim       4064
Kirli       4064
Cikardim       4096
Cikardim       4128
Cikardim       4160
Cikardim       4192
Cikardim       4224
Cikardim       4256
Cikardim       4288
Cikardim       4320
Cikardim       4352
Cikardim       4384
Cikardim       4416
Cikardim       4448
Cikardim       4480
Cikardim       4512
Cikardim       4544
Cikardim       4576
Cikardim       4608
Cikardim       4640
Cikardim       4672
Cikardim       4704
Cikardim       4736
Cikardim       4768
Cikardim       4800
Cikardim       4832
Cikardim       4864
Cikardim       4896
Cikardim       4928
Cikardim       4960
Cikardim       4992
Cikardim       5024
Cikardim       5056
Cikardim       5088
Cikardim       5120
Cikardim       5152
Cikardim       5184
Cikardim       5216
Cikardim       5248
Cikardim       5280
Cikardim       5312
Cikardim       5344
Cikardim       5376
Cikardim       5408
Cikardim       5440
Cikardim       5472
Cikardim       5504
Cikardim       5536
Cikardim       5568
Cikardim       5600
Cikardim       5632
Cikardim       5664
Cikardim       5696
Cikardim       5728
Cikardim       5760
Cikardim       5792
Cikardim       5824
Cikardim       5856
Cikardim       5888
Cikardim       5920
Cikardim       5952
Cikardim       5984
Cikardim       6016
Cikardim       6048
Cikardim       6080
Cikardim       6112
Cikardim       6144
Cikardim       6176
Cikardim       6208
Cikardim       6240
Cikardim       6272
Cikardim       6304
Cikardim       6336
Cikardim       6368
Cikardim       6400
Cikardim       6432
Cikardim       6464
Cikardim       6496
Cikardim       6528
Cikardim       6560
Cikardim       6592
Cikardim       6624
Cikardim       6656
Cikardim       6688
Cikardim       6720
Cikardim       6752
Cikardim       6784
Cikardim       6816
Cikardim       6848
Cikardim       6880
Cikardim       6912
Cikardim       6944
Cikardim       6976
Cikardim       7008
Cikardim       7040
Cikardim       7072
Cikardim       7104
Cikardim       7136
Cikardim       7168
Cikardim       7200
Cikardim       7232
Cikardim       7264
Cikardim       7296
Cikardim       7328
Cikardim       7360
Cikardim       7392
Cikardim       7424
Cikardim       7456
Cikardim       7488
Cikardim       7520
Cikardim       7552
Cikardim       7584
Cikardim       7616
Cikardim       7648
Cikardim       7680
Cikardim       7712
Cikardim       7744
Cikardim       7776
Cikardim       7808
Cikardim       7840
Cikardim       7872
Cikardim       7904
Cikardim       7936
Cikardim       7968
Cikardim       8000
Cikardim       8032
Cikardim       8064
Cikardim       8096
Cikardim       8128
Cikardim       8160
Cikardim       8192
Cikardim       8224
Cikardim       8256
Cikardim       8288
Cikardim       8320
Cikardim       8352
Cikardim       8384
Cikardim       8416
Cikardim       8448
Cikardim       8480
Cikardim       8512
Cikardim       8544
Cikardim       8576
Cikardim       8608
Cikardim       8640
Cikardim       8672
Cikardim       8704
Cikardim       8736
Cikardim       8768
Cikardim       8800
Cikardim       8832
Cikardim       8864
Cikardim       8896
Cikardim       8928
Cikardim       8960
Cikardim       8992
Cikardim       9024
Cikardim       9056
Cikardim       9088
Cikardim       9120
Cikardim       9152
Cikardim       9184
Cikardim       9216
Cikardim       9248
Cikardim       9280
Cikardim       9312
Cikardim       9344
Cikardim       9376
Cikardim       9408
Cikardim       9440
Cikardim       9472
Cikardim       9504
Cikardim       9536
Cikardim       9568
Cikardim       9600
Cikardim       9632
Cikardim       9664
Cikardim       9696
Cikardim       9728
Cikardim       9760
Cikardim       9792
Cikardim       9824
Cikardim       9856
Cikardim       9888
Cikardim       9920
Cikardim       9952
Cikardim       9984
Cikardim      10016
Cikardim      10048
Cikardim      10080
Cikardim      10112
Cikardim      10144
Cikardim      10176
Cikardim      10208
Cikardim      10240
Cikardim      10272
Cikardim      10304
Cikardim      10336
Cikardim      10368
Cikardim      10400
Cikardim      10432
Cikardim      10464
Cikardim      10496
Cikardim      10528
Cikardim      10560
Cikardim      10592
Cikardim      10624
Cikardim      10656
Cikardim      10688
Cikardim      10720
Cikardim      10752
Cikardim      10784
Cikardim      10816
Cikardim      10848
Cikardim      10880
Cikardim      10912
Cikardim      10944
Cikardim      10976
Cikardim      11008
Cikardim      11040
Cikardim      11072
Cikardim      11104
Cikardim      11136
Cikardim      11168
Cikardim      11200
Cikardim      11232
Cikardim      11264
Cikardim      11296
Cikardim      11328
Cikardim      11360
Cikardim      11392
Cikardim      11424
Cikardim      11456
Cikardim      11488
Cikardim      11520
Cikardim      11552
Cikardim      11584
Cikardim      11616
Cikardim      11648
Cikardim      11680
Cikardim      11712
Cikardim      11744
Cikardim      11776
Cikardim      11808
Cikardim      11840
Cikardim      11872
Cikardim      11904
Cikardim      11936
Cikardim      11968
Cikardim      12000
Cikardim      12032
Cikardim      12064
Cikardim      12096
Cikardim      12128
Cikardim      12160
Cikardim      12192
Cikardim      12224
Cikardim      12256
Cikardim      12288
Cikardim      12320
Cikardim      12352
Cikardim      12384
Cikardim      12416
Cikardim      12448
Cikardim      12480
Cikardim      12512
Cikardim      12544
Cikardim      12576
Cikardim      12608
Cikardim      12640
Cikardim      12672
Cikardim      12704
Cikardim      12736
Cikardim      12768
Cikardim      12800
Cikardim      12832
Cikardim      12864
Cikardim      12896
Cikardim      12928
Cikardim      12960
Cikardim      12992
Cikardim      13024
Cikardim      13056
Cikardim      13088
Cikardim      13120
Cikardim      13152
Cikardim      13184
Cikardim      13216
Cikardim      13248
Cikardim      13280
Cikardim      13312
Cikardim      13344
Cikardim      13376
Cikardim      13408
Cikardim      13440
Cikardim      13472
Cikardim      13504
Cikardim      13536
Cikardim      13568
Cikardim      13600
Cikardim      13632
Cikardim      13664
Cikardim      13696
Cikardim      13728
Cikardim      13760
Cikardim      13792
Cikardim      13824
Cikardim      13856
Cikardim      13888
Cikardim      13920
Cikardim      13952
Cikardim      13984
Cikardim      14016
Cikardim      14048
Cikardim      14080
Cikardim      14112
Cikardim      14144
Cikardim      14176
Cikardim      14208
Cikardim      14240
Cikardim      14272
Cikardim      14304
Cikardim      14336
Cikardim      14368
Cikardim      14400
Cikardim      14432
Cikardim      14464
Cikardim      14496
Cikardim      14528
Cikardim      14560
Cikardim      14592
Cikardim      14624
Cikardim      14656
Cikardim      14688
Cikardim      14720
Cikardim      14752
Cikardim      14784
Cikardim      14816
Cikardim      14848
Cikardim      14880
Cikardim      14912
Cikardim      14944
Cikardim      14976
Cikardim      15008
Cikardim      15040
Cikardim      15072
Cikardim      15104
Cikardim      15136
Cikardim      15168
Cikardim      15200
Cikardim      15232
Cikardim      15264
Cikardim      15296
Cikardim      15328
Cikardim      15360
Cikardim      15392
Cikardim      15424
Cikardim      15456
Cikardim      15488
Cikardim      15520
Cikardim      15552
Cikardim      15584
Cikardim      15616
Cikardim      15648
Cikardim      15680
Cikardim      15712
Cikardim      15744
Cikardim      15776
Cikardim      15808
Cikardim      15840
Cikardim      15872
Cikardim      15904
Cikardim      15936
Cikardim      15968
Cikardim      16000
Cikardim      16032
Cikardim      16064
Cikardim      16096
Cikardim      16128
Cikardim      16160
Cikardim      16192
Cikardim      16224
Cikardim      16256
Cikardim      16288
Cikardim      16320
Cikardim      16352
[SIM] Test basarili.
$finish called at time : 2876257 ns : File "C:/Users/hasan/Desktop/Projects/Vivado/BIL361-HW2/BIL361-HW2/BIL361-HW2.srcs/sim_1/new/tb_onbellek.v" Line 106
