
*** Running vivado
    with args -log onbellek.vds -m64 -product Vivado -mode batch -messageDb vivado.pb -notrace -source onbellek.tcl



****** Vivado v2022.2 (64-bit)
  **** SW Build 3671981 on Fri Oct 14 05:00:03 MDT 2022
  **** IP Build 3669848 on Fri Oct 14 08:30:02 MDT 2022
    ** Copyright 1986-2022 Xilinx, Inc. All Rights Reserved.

source onbellek.tcl -notrace
create_project: Time (s): cpu = 00:00:05 ; elapsed = 00:00:08 . Memory (MB): peak = 393.570 ; gain = 67.965
Command: synth_design -top onbellek -part xc7k70tfbv676-1
Starting synth_design
Attempting to get a license for feature 'Synthesis' and/or device 'xc7k70t'
INFO: [Common 17-349] Got license for feature 'Synthesis' and/or device 'xc7k70t'
INFO: [Synth 8-7079] Multithreading enabled for synth_design using a maximum of 2 processes.
INFO: [Synth 8-7078] Launching helper process for spawning children vivado processes
INFO: [Synth 8-7075] Helper process launched with PID 10080
INFO: [Synth 8-11241] undeclared symbol 'REGCCE', assumed default net type 'wire' [D:/Xilinx/Vivado/2022.2/data/verilog/src/unimacro/BRAM_SINGLE_MACRO.v:2170]
---------------------------------------------------------------------------------
Starting Synthesize : Time (s): cpu = 00:00:05 ; elapsed = 00:00:10 . Memory (MB): peak = 831.348 ; gain = 412.902
---------------------------------------------------------------------------------
INFO: [Synth 8-6157] synthesizing module 'onbellek' [C:/Users/hasan/Desktop/Projects/Vivado/BIL361-HW2/BIL361-HW2/BIL361-HW2.srcs/sources_1/new/onbellek.v:3]
INFO: [Synth 8-155] case statement is not full and has no default [C:/Users/hasan/Desktop/Projects/Vivado/BIL361-HW2/BIL361-HW2/BIL361-HW2.srcs/sources_1/new/onbellek.v:162]
INFO: [Synth 8-6155] done synthesizing module 'onbellek' (0#1) [C:/Users/hasan/Desktop/Projects/Vivado/BIL361-HW2/BIL361-HW2/BIL361-HW2.srcs/sources_1/new/onbellek.v:3]
WARNING: [Synth 8-6014] Unused sequential element iska_sayisi_r_reg was removed.  [C:/Users/hasan/Desktop/Projects/Vivado/BIL361-HW2/BIL361-HW2/BIL361-HW2.srcs/sources_1/new/onbellek.v:284]
WARNING: [Synth 8-6014] Unused sequential element cikarma_sayisi_r_reg was removed.  [C:/Users/hasan/Desktop/Projects/Vivado/BIL361-HW2/BIL361-HW2/BIL361-HW2.srcs/sources_1/new/onbellek.v:285]
---------------------------------------------------------------------------------
Finished Synthesize : Time (s): cpu = 00:00:08 ; elapsed = 00:00:18 . Memory (MB): peak = 1052.234 ; gain = 633.789
---------------------------------------------------------------------------------
---------------------------------------------------------------------------------
Finished Constraint Validation : Time (s): cpu = 00:00:10 ; elapsed = 00:00:21 . Memory (MB): peak = 1052.234 ; gain = 633.789
---------------------------------------------------------------------------------
---------------------------------------------------------------------------------
Start Loading Part and Timing Information
---------------------------------------------------------------------------------
Loading part: xc7k70tfbv676-1
---------------------------------------------------------------------------------
INFO: [Device 21-403] Loading part xc7k70tfbv676-1
Finished Loading Part and Timing Information : Time (s): cpu = 00:00:10 ; elapsed = 00:00:21 . Memory (MB): peak = 1052.234 ; gain = 633.789
---------------------------------------------------------------------------------
INFO: [Synth 8-802] inferred FSM for state register 'durum_r_reg' in module 'onbellek'
---------------------------------------------------------------------------------------------------
                   State |                     New Encoding |                Previous Encoding 
---------------------------------------------------------------------------------------------------
             DURUM_BOSTA |                              000 |                              000
         DURUM_OKU_ISTEK |                              001 |                              001
             DURUM_BEKLE |                              010 |                              011
               DURUM_YAZ |                              011 |                              100
         DURUM_YAZ_ISTEK |                              100 |                              010
               DURUM_OKU |                              101 |                              101
             DURUM_YANIT |                              110 |                              110
---------------------------------------------------------------------------------------------------
INFO: [Synth 8-3354] encoded FSM with state register 'durum_r_reg' using encoding 'sequential' in module 'onbellek'
WARNING: [Synth 8-327] inferring latch for variable 'gecerli_reg[127]' [C:/Users/hasan/Desktop/Projects/Vivado/BIL361-HW2/BIL361-HW2/BIL361-HW2.srcs/sources_1/new/onbellek.v:176]
WARNING: [Synth 8-327] inferring latch for variable 'gecerli_reg[126]' [C:/Users/hasan/Desktop/Projects/Vivado/BIL361-HW2/BIL361-HW2/BIL361-HW2.srcs/sources_1/new/onbellek.v:176]
WARNING: [Synth 8-327] inferring latch for variable 'gecerli_reg[125]' [C:/Users/hasan/Desktop/Projects/Vivado/BIL361-HW2/BIL361-HW2/BIL361-HW2.srcs/sources_1/new/onbellek.v:176]
WARNING: [Synth 8-327] inferring latch for variable 'gecerli_reg[124]' [C:/Users/hasan/Desktop/Projects/Vivado/BIL361-HW2/BIL361-HW2/BIL361-HW2.srcs/sources_1/new/onbellek.v:176]
WARNING: [Synth 8-327] inferring latch for variable 'gecerli_reg[123]' [C:/Users/hasan/Desktop/Projects/Vivado/BIL361-HW2/BIL361-HW2/BIL361-HW2.srcs/sources_1/new/onbellek.v:176]
WARNING: [Synth 8-327] inferring latch for variable 'gecerli_reg[122]' [C:/Users/hasan/Desktop/Projects/Vivado/BIL361-HW2/BIL361-HW2/BIL361-HW2.srcs/sources_1/new/onbellek.v:176]
WARNING: [Synth 8-327] inferring latch for variable 'gecerli_reg[121]' [C:/Users/hasan/Desktop/Projects/Vivado/BIL361-HW2/BIL361-HW2/BIL361-HW2.srcs/sources_1/new/onbellek.v:176]
WARNING: [Synth 8-327] inferring latch for variable 'gecerli_reg[120]' [C:/Users/hasan/Desktop/Projects/Vivado/BIL361-HW2/BIL361-HW2/BIL361-HW2.srcs/sources_1/new/onbellek.v:176]
WARNING: [Synth 8-327] inferring latch for variable 'gecerli_reg[119]' [C:/Users/hasan/Desktop/Projects/Vivado/BIL361-HW2/BIL361-HW2/BIL361-HW2.srcs/sources_1/new/onbellek.v:176]
WARNING: [Synth 8-327] inferring latch for variable 'gecerli_reg[118]' [C:/Users/hasan/Desktop/Projects/Vivado/BIL361-HW2/BIL361-HW2/BIL361-HW2.srcs/sources_1/new/onbellek.v:176]
WARNING: [Synth 8-327] inferring latch for variable 'gecerli_reg[117]' [C:/Users/hasan/Desktop/Projects/Vivado/BIL361-HW2/BIL361-HW2/BIL361-HW2.srcs/sources_1/new/onbellek.v:176]
WARNING: [Synth 8-327] inferring latch for variable 'gecerli_reg[116]' [C:/Users/hasan/Desktop/Projects/Vivado/BIL361-HW2/BIL361-HW2/BIL361-HW2.srcs/sources_1/new/onbellek.v:176]
WARNING: [Synth 8-327] inferring latch for variable 'gecerli_reg[115]' [C:/Users/hasan/Desktop/Projects/Vivado/BIL361-HW2/BIL361-HW2/BIL361-HW2.srcs/sources_1/new/onbellek.v:176]
WARNING: [Synth 8-327] inferring latch for variable 'gecerli_reg[114]' [C:/Users/hasan/Desktop/Projects/Vivado/BIL361-HW2/BIL361-HW2/BIL361-HW2.srcs/sources_1/new/onbellek.v:176]
WARNING: [Synth 8-327] inferring latch for variable 'gecerli_reg[113]' [C:/Users/hasan/Desktop/Projects/Vivado/BIL361-HW2/BIL361-HW2/BIL361-HW2.srcs/sources_1/new/onbellek.v:176]
WARNING: [Synth 8-327] inferring latch for variable 'gecerli_reg[112]' [C:/Users/hasan/Desktop/Projects/Vivado/BIL361-HW2/BIL361-HW2/BIL361-HW2.srcs/sources_1/new/onbellek.v:176]
WARNING: [Synth 8-327] inferring latch for variable 'gecerli_reg[111]' [C:/Users/hasan/Desktop/Projects/Vivado/BIL361-HW2/BIL361-HW2/BIL361-HW2.srcs/sources_1/new/onbellek.v:176]
WARNING: [Synth 8-327] inferring latch for variable 'gecerli_reg[110]' [C:/Users/hasan/Desktop/Projects/Vivado/BIL361-HW2/BIL361-HW2/BIL361-HW2.srcs/sources_1/new/onbellek.v:176]
WARNING: [Synth 8-327] inferring latch for variable 'gecerli_reg[109]' [C:/Users/hasan/Desktop/Projects/Vivado/BIL361-HW2/BIL361-HW2/BIL361-HW2.srcs/sources_1/new/onbellek.v:176]
WARNING: [Synth 8-327] inferring latch for variable 'gecerli_reg[108]' [C:/Users/hasan/Desktop/Projects/Vivado/BIL361-HW2/BIL361-HW2/BIL361-HW2.srcs/sources_1/new/onbellek.v:176]
WARNING: [Synth 8-327] inferring latch for variable 'gecerli_reg[107]' [C:/Users/hasan/Desktop/Projects/Vivado/BIL361-HW2/BIL361-HW2/BIL361-HW2.srcs/sources_1/new/onbellek.v:176]
WARNING: [Synth 8-327] inferring latch for variable 'gecerli_reg[106]' [C:/Users/hasan/Desktop/Projects/Vivado/BIL361-HW2/BIL361-HW2/BIL361-HW2.srcs/sources_1/new/onbellek.v:176]
WARNING: [Synth 8-327] inferring latch for variable 'gecerli_reg[105]' [C:/Users/hasan/Desktop/Projects/Vivado/BIL361-HW2/BIL361-HW2/BIL361-HW2.srcs/sources_1/new/onbellek.v:176]
WARNING: [Synth 8-327] inferring latch for variable 'gecerli_reg[104]' [C:/Users/hasan/Desktop/Projects/Vivado/BIL361-HW2/BIL361-HW2/BIL361-HW2.srcs/sources_1/new/onbellek.v:176]
WARNING: [Synth 8-327] inferring latch for variable 'gecerli_reg[103]' [C:/Users/hasan/Desktop/Projects/Vivado/BIL361-HW2/BIL361-HW2/BIL361-HW2.srcs/sources_1/new/onbellek.v:176]
WARNING: [Synth 8-327] inferring latch for variable 'gecerli_reg[102]' [C:/Users/hasan/Desktop/Projects/Vivado/BIL361-HW2/BIL361-HW2/BIL361-HW2.srcs/sources_1/new/onbellek.v:176]
WARNING: [Synth 8-327] inferring latch for variable 'gecerli_reg[101]' [C:/Users/hasan/Desktop/Projects/Vivado/BIL361-HW2/BIL361-HW2/BIL361-HW2.srcs/sources_1/new/onbellek.v:176]
WARNING: [Synth 8-327] inferring latch for variable 'gecerli_reg[100]' [C:/Users/hasan/Desktop/Projects/Vivado/BIL361-HW2/BIL361-HW2/BIL361-HW2.srcs/sources_1/new/onbellek.v:176]
WARNING: [Synth 8-327] inferring latch for variable 'gecerli_reg[99]' [C:/Users/hasan/Desktop/Projects/Vivado/BIL361-HW2/BIL361-HW2/BIL361-HW2.srcs/sources_1/new/onbellek.v:176]
WARNING: [Synth 8-327] inferring latch for variable 'gecerli_reg[98]' [C:/Users/hasan/Desktop/Projects/Vivado/BIL361-HW2/BIL361-HW2/BIL361-HW2.srcs/sources_1/new/onbellek.v:176]
WARNING: [Synth 8-327] inferring latch for variable 'gecerli_reg[97]' [C:/Users/hasan/Desktop/Projects/Vivado/BIL361-HW2/BIL361-HW2/BIL361-HW2.srcs/sources_1/new/onbellek.v:176]
WARNING: [Synth 8-327] inferring latch for variable 'gecerli_reg[96]' [C:/Users/hasan/Desktop/Projects/Vivado/BIL361-HW2/BIL361-HW2/BIL361-HW2.srcs/sources_1/new/onbellek.v:176]
WARNING: [Synth 8-327] inferring latch for variable 'gecerli_reg[95]' [C:/Users/hasan/Desktop/Projects/Vivado/BIL361-HW2/BIL361-HW2/BIL361-HW2.srcs/sources_1/new/onbellek.v:176]
WARNING: [Synth 8-327] inferring latch for variable 'gecerli_reg[94]' [C:/Users/hasan/Desktop/Projects/Vivado/BIL361-HW2/BIL361-HW2/BIL361-HW2.srcs/sources_1/new/onbellek.v:176]
WARNING: [Synth 8-327] inferring latch for variable 'gecerli_reg[93]' [C:/Users/hasan/Desktop/Projects/Vivado/BIL361-HW2/BIL361-HW2/BIL361-HW2.srcs/sources_1/new/onbellek.v:176]
WARNING: [Synth 8-327] inferring latch for variable 'gecerli_reg[92]' [C:/Users/hasan/Desktop/Projects/Vivado/BIL361-HW2/BIL361-HW2/BIL361-HW2.srcs/sources_1/new/onbellek.v:176]
WARNING: [Synth 8-327] inferring latch for variable 'gecerli_reg[91]' [C:/Users/hasan/Desktop/Projects/Vivado/BIL361-HW2/BIL361-HW2/BIL361-HW2.srcs/sources_1/new/onbellek.v:176]
WARNING: [Synth 8-327] inferring latch for variable 'gecerli_reg[90]' [C:/Users/hasan/Desktop/Projects/Vivado/BIL361-HW2/BIL361-HW2/BIL361-HW2.srcs/sources_1/new/onbellek.v:176]
WARNING: [Synth 8-327] inferring latch for variable 'gecerli_reg[89]' [C:/Users/hasan/Desktop/Projects/Vivado/BIL361-HW2/BIL361-HW2/BIL361-HW2.srcs/sources_1/new/onbellek.v:176]
WARNING: [Synth 8-327] inferring latch for variable 'gecerli_reg[88]' [C:/Users/hasan/Desktop/Projects/Vivado/BIL361-HW2/BIL361-HW2/BIL361-HW2.srcs/sources_1/new/onbellek.v:176]
WARNING: [Synth 8-327] inferring latch for variable 'gecerli_reg[87]' [C:/Users/hasan/Desktop/Projects/Vivado/BIL361-HW2/BIL361-HW2/BIL361-HW2.srcs/sources_1/new/onbellek.v:176]
WARNING: [Synth 8-327] inferring latch for variable 'gecerli_reg[86]' [C:/Users/hasan/Desktop/Projects/Vivado/BIL361-HW2/BIL361-HW2/BIL361-HW2.srcs/sources_1/new/onbellek.v:176]
WARNING: [Synth 8-327] inferring latch for variable 'gecerli_reg[85]' [C:/Users/hasan/Desktop/Projects/Vivado/BIL361-HW2/BIL361-HW2/BIL361-HW2.srcs/sources_1/new/onbellek.v:176]
WARNING: [Synth 8-327] inferring latch for variable 'gecerli_reg[84]' [C:/Users/hasan/Desktop/Projects/Vivado/BIL361-HW2/BIL361-HW2/BIL361-HW2.srcs/sources_1/new/onbellek.v:176]
WARNING: [Synth 8-327] inferring latch for variable 'gecerli_reg[83]' [C:/Users/hasan/Desktop/Projects/Vivado/BIL361-HW2/BIL361-HW2/BIL361-HW2.srcs/sources_1/new/onbellek.v:176]
WARNING: [Synth 8-327] inferring latch for variable 'gecerli_reg[82]' [C:/Users/hasan/Desktop/Projects/Vivado/BIL361-HW2/BIL361-HW2/BIL361-HW2.srcs/sources_1/new/onbellek.v:176]
WARNING: [Synth 8-327] inferring latch for variable 'gecerli_reg[81]' [C:/Users/hasan/Desktop/Projects/Vivado/BIL361-HW2/BIL361-HW2/BIL361-HW2.srcs/sources_1/new/onbellek.v:176]
WARNING: [Synth 8-327] inferring latch for variable 'gecerli_reg[80]' [C:/Users/hasan/Desktop/Projects/Vivado/BIL361-HW2/BIL361-HW2/BIL361-HW2.srcs/sources_1/new/onbellek.v:176]
WARNING: [Synth 8-327] inferring latch for variable 'gecerli_reg[79]' [C:/Users/hasan/Desktop/Projects/Vivado/BIL361-HW2/BIL361-HW2/BIL361-HW2.srcs/sources_1/new/onbellek.v:176]
WARNING: [Synth 8-327] inferring latch for variable 'gecerli_reg[78]' [C:/Users/hasan/Desktop/Projects/Vivado/BIL361-HW2/BIL361-HW2/BIL361-HW2.srcs/sources_1/new/onbellek.v:176]
WARNING: [Synth 8-327] inferring latch for variable 'gecerli_reg[77]' [C:/Users/hasan/Desktop/Projects/Vivado/BIL361-HW2/BIL361-HW2/BIL361-HW2.srcs/sources_1/new/onbellek.v:176]
WARNING: [Synth 8-327] inferring latch for variable 'gecerli_reg[76]' [C:/Users/hasan/Desktop/Projects/Vivado/BIL361-HW2/BIL361-HW2/BIL361-HW2.srcs/sources_1/new/onbellek.v:176]
WARNING: [Synth 8-327] inferring latch for variable 'gecerli_reg[75]' [C:/Users/hasan/Desktop/Projects/Vivado/BIL361-HW2/BIL361-HW2/BIL361-HW2.srcs/sources_1/new/onbellek.v:176]
WARNING: [Synth 8-327] inferring latch for variable 'gecerli_reg[74]' [C:/Users/hasan/Desktop/Projects/Vivado/BIL361-HW2/BIL361-HW2/BIL361-HW2.srcs/sources_1/new/onbellek.v:176]
WARNING: [Synth 8-327] inferring latch for variable 'gecerli_reg[73]' [C:/Users/hasan/Desktop/Projects/Vivado/BIL361-HW2/BIL361-HW2/BIL361-HW2.srcs/sources_1/new/onbellek.v:176]
WARNING: [Synth 8-327] inferring latch for variable 'gecerli_reg[72]' [C:/Users/hasan/Desktop/Projects/Vivado/BIL361-HW2/BIL361-HW2/BIL361-HW2.srcs/sources_1/new/onbellek.v:176]
WARNING: [Synth 8-327] inferring latch for variable 'gecerli_reg[71]' [C:/Users/hasan/Desktop/Projects/Vivado/BIL361-HW2/BIL361-HW2/BIL361-HW2.srcs/sources_1/new/onbellek.v:176]
WARNING: [Synth 8-327] inferring latch for variable 'gecerli_reg[70]' [C:/Users/hasan/Desktop/Projects/Vivado/BIL361-HW2/BIL361-HW2/BIL361-HW2.srcs/sources_1/new/onbellek.v:176]
WARNING: [Synth 8-327] inferring latch for variable 'gecerli_reg[69]' [C:/Users/hasan/Desktop/Projects/Vivado/BIL361-HW2/BIL361-HW2/BIL361-HW2.srcs/sources_1/new/onbellek.v:176]
WARNING: [Synth 8-327] inferring latch for variable 'gecerli_reg[68]' [C:/Users/hasan/Desktop/Projects/Vivado/BIL361-HW2/BIL361-HW2/BIL361-HW2.srcs/sources_1/new/onbellek.v:176]
WARNING: [Synth 8-327] inferring latch for variable 'gecerli_reg[67]' [C:/Users/hasan/Desktop/Projects/Vivado/BIL361-HW2/BIL361-HW2/BIL361-HW2.srcs/sources_1/new/onbellek.v:176]
WARNING: [Synth 8-327] inferring latch for variable 'gecerli_reg[66]' [C:/Users/hasan/Desktop/Projects/Vivado/BIL361-HW2/BIL361-HW2/BIL361-HW2.srcs/sources_1/new/onbellek.v:176]
WARNING: [Synth 8-327] inferring latch for variable 'gecerli_reg[65]' [C:/Users/hasan/Desktop/Projects/Vivado/BIL361-HW2/BIL361-HW2/BIL361-HW2.srcs/sources_1/new/onbellek.v:176]
WARNING: [Synth 8-327] inferring latch for variable 'gecerli_reg[64]' [C:/Users/hasan/Desktop/Projects/Vivado/BIL361-HW2/BIL361-HW2/BIL361-HW2.srcs/sources_1/new/onbellek.v:176]
WARNING: [Synth 8-327] inferring latch for variable 'gecerli_reg[63]' [C:/Users/hasan/Desktop/Projects/Vivado/BIL361-HW2/BIL361-HW2/BIL361-HW2.srcs/sources_1/new/onbellek.v:176]
WARNING: [Synth 8-327] inferring latch for variable 'gecerli_reg[62]' [C:/Users/hasan/Desktop/Projects/Vivado/BIL361-HW2/BIL361-HW2/BIL361-HW2.srcs/sources_1/new/onbellek.v:176]
WARNING: [Synth 8-327] inferring latch for variable 'gecerli_reg[61]' [C:/Users/hasan/Desktop/Projects/Vivado/BIL361-HW2/BIL361-HW2/BIL361-HW2.srcs/sources_1/new/onbellek.v:176]
WARNING: [Synth 8-327] inferring latch for variable 'gecerli_reg[60]' [C:/Users/hasan/Desktop/Projects/Vivado/BIL361-HW2/BIL361-HW2/BIL361-HW2.srcs/sources_1/new/onbellek.v:176]
WARNING: [Synth 8-327] inferring latch for variable 'gecerli_reg[59]' [C:/Users/hasan/Desktop/Projects/Vivado/BIL361-HW2/BIL361-HW2/BIL361-HW2.srcs/sources_1/new/onbellek.v:176]
WARNING: [Synth 8-327] inferring latch for variable 'gecerli_reg[58]' [C:/Users/hasan/Desktop/Projects/Vivado/BIL361-HW2/BIL361-HW2/BIL361-HW2.srcs/sources_1/new/onbellek.v:176]
WARNING: [Synth 8-327] inferring latch for variable 'gecerli_reg[57]' [C:/Users/hasan/Desktop/Projects/Vivado/BIL361-HW2/BIL361-HW2/BIL361-HW2.srcs/sources_1/new/onbellek.v:176]
WARNING: [Synth 8-327] inferring latch for variable 'gecerli_reg[56]' [C:/Users/hasan/Desktop/Projects/Vivado/BIL361-HW2/BIL361-HW2/BIL361-HW2.srcs/sources_1/new/onbellek.v:176]
WARNING: [Synth 8-327] inferring latch for variable 'gecerli_reg[55]' [C:/Users/hasan/Desktop/Projects/Vivado/BIL361-HW2/BIL361-HW2/BIL361-HW2.srcs/sources_1/new/onbellek.v:176]
WARNING: [Synth 8-327] inferring latch for variable 'gecerli_reg[54]' [C:/Users/hasan/Desktop/Projects/Vivado/BIL361-HW2/BIL361-HW2/BIL361-HW2.srcs/sources_1/new/onbellek.v:176]
WARNING: [Synth 8-327] inferring latch for variable 'gecerli_reg[53]' [C:/Users/hasan/Desktop/Projects/Vivado/BIL361-HW2/BIL361-HW2/BIL361-HW2.srcs/sources_1/new/onbellek.v:176]
WARNING: [Synth 8-327] inferring latch for variable 'gecerli_reg[52]' [C:/Users/hasan/Desktop/Projects/Vivado/BIL361-HW2/BIL361-HW2/BIL361-HW2.srcs/sources_1/new/onbellek.v:176]
WARNING: [Synth 8-327] inferring latch for variable 'gecerli_reg[51]' [C:/Users/hasan/Desktop/Projects/Vivado/BIL361-HW2/BIL361-HW2/BIL361-HW2.srcs/sources_1/new/onbellek.v:176]
WARNING: [Synth 8-327] inferring latch for variable 'gecerli_reg[50]' [C:/Users/hasan/Desktop/Projects/Vivado/BIL361-HW2/BIL361-HW2/BIL361-HW2.srcs/sources_1/new/onbellek.v:176]
WARNING: [Synth 8-327] inferring latch for variable 'gecerli_reg[49]' [C:/Users/hasan/Desktop/Projects/Vivado/BIL361-HW2/BIL361-HW2/BIL361-HW2.srcs/sources_1/new/onbellek.v:176]
WARNING: [Synth 8-327] inferring latch for variable 'gecerli_reg[48]' [C:/Users/hasan/Desktop/Projects/Vivado/BIL361-HW2/BIL361-HW2/BIL361-HW2.srcs/sources_1/new/onbellek.v:176]
WARNING: [Synth 8-327] inferring latch for variable 'gecerli_reg[47]' [C:/Users/hasan/Desktop/Projects/Vivado/BIL361-HW2/BIL361-HW2/BIL361-HW2.srcs/sources_1/new/onbellek.v:176]
WARNING: [Synth 8-327] inferring latch for variable 'gecerli_reg[46]' [C:/Users/hasan/Desktop/Projects/Vivado/BIL361-HW2/BIL361-HW2/BIL361-HW2.srcs/sources_1/new/onbellek.v:176]
WARNING: [Synth 8-327] inferring latch for variable 'gecerli_reg[45]' [C:/Users/hasan/Desktop/Projects/Vivado/BIL361-HW2/BIL361-HW2/BIL361-HW2.srcs/sources_1/new/onbellek.v:176]
WARNING: [Synth 8-327] inferring latch for variable 'gecerli_reg[44]' [C:/Users/hasan/Desktop/Projects/Vivado/BIL361-HW2/BIL361-HW2/BIL361-HW2.srcs/sources_1/new/onbellek.v:176]
WARNING: [Synth 8-327] inferring latch for variable 'gecerli_reg[43]' [C:/Users/hasan/Desktop/Projects/Vivado/BIL361-HW2/BIL361-HW2/BIL361-HW2.srcs/sources_1/new/onbellek.v:176]
WARNING: [Synth 8-327] inferring latch for variable 'gecerli_reg[42]' [C:/Users/hasan/Desktop/Projects/Vivado/BIL361-HW2/BIL361-HW2/BIL361-HW2.srcs/sources_1/new/onbellek.v:176]
WARNING: [Synth 8-327] inferring latch for variable 'gecerli_reg[41]' [C:/Users/hasan/Desktop/Projects/Vivado/BIL361-HW2/BIL361-HW2/BIL361-HW2.srcs/sources_1/new/onbellek.v:176]
WARNING: [Synth 8-327] inferring latch for variable 'gecerli_reg[40]' [C:/Users/hasan/Desktop/Projects/Vivado/BIL361-HW2/BIL361-HW2/BIL361-HW2.srcs/sources_1/new/onbellek.v:176]
WARNING: [Synth 8-327] inferring latch for variable 'gecerli_reg[39]' [C:/Users/hasan/Desktop/Projects/Vivado/BIL361-HW2/BIL361-HW2/BIL361-HW2.srcs/sources_1/new/onbellek.v:176]
WARNING: [Synth 8-327] inferring latch for variable 'gecerli_reg[38]' [C:/Users/hasan/Desktop/Projects/Vivado/BIL361-HW2/BIL361-HW2/BIL361-HW2.srcs/sources_1/new/onbellek.v:176]
WARNING: [Synth 8-327] inferring latch for variable 'gecerli_reg[37]' [C:/Users/hasan/Desktop/Projects/Vivado/BIL361-HW2/BIL361-HW2/BIL361-HW2.srcs/sources_1/new/onbellek.v:176]
WARNING: [Synth 8-327] inferring latch for variable 'gecerli_reg[36]' [C:/Users/hasan/Desktop/Projects/Vivado/BIL361-HW2/BIL361-HW2/BIL361-HW2.srcs/sources_1/new/onbellek.v:176]
WARNING: [Synth 8-327] inferring latch for variable 'gecerli_reg[35]' [C:/Users/hasan/Desktop/Projects/Vivado/BIL361-HW2/BIL361-HW2/BIL361-HW2.srcs/sources_1/new/onbellek.v:176]
WARNING: [Synth 8-327] inferring latch for variable 'gecerli_reg[34]' [C:/Users/hasan/Desktop/Projects/Vivado/BIL361-HW2/BIL361-HW2/BIL361-HW2.srcs/sources_1/new/onbellek.v:176]
WARNING: [Synth 8-327] inferring latch for variable 'gecerli_reg[33]' [C:/Users/hasan/Desktop/Projects/Vivado/BIL361-HW2/BIL361-HW2/BIL361-HW2.srcs/sources_1/new/onbellek.v:176]
WARNING: [Synth 8-327] inferring latch for variable 'gecerli_reg[32]' [C:/Users/hasan/Desktop/Projects/Vivado/BIL361-HW2/BIL361-HW2/BIL361-HW2.srcs/sources_1/new/onbellek.v:176]
WARNING: [Synth 8-327] inferring latch for variable 'gecerli_reg[31]' [C:/Users/hasan/Desktop/Projects/Vivado/BIL361-HW2/BIL361-HW2/BIL361-HW2.srcs/sources_1/new/onbellek.v:176]
WARNING: [Synth 8-327] inferring latch for variable 'gecerli_reg[30]' [C:/Users/hasan/Desktop/Projects/Vivado/BIL361-HW2/BIL361-HW2/BIL361-HW2.srcs/sources_1/new/onbellek.v:176]
WARNING: [Synth 8-327] inferring latch for variable 'gecerli_reg[29]' [C:/Users/hasan/Desktop/Projects/Vivado/BIL361-HW2/BIL361-HW2/BIL361-HW2.srcs/sources_1/new/onbellek.v:176]
WARNING: [Synth 8-327] inferring latch for variable 'gecerli_reg[28]' [C:/Users/hasan/Desktop/Projects/Vivado/BIL361-HW2/BIL361-HW2/BIL361-HW2.srcs/sources_1/new/onbellek.v:176]
INFO: [Common 17-14] Message 'Synth 8-327' appears 100 times and further instances of the messages will be disabled. Use the Tcl command set_msg_config to change the current settings.
---------------------------------------------------------------------------------
Finished RTL Optimization Phase 2 : Time (s): cpu = 00:00:17 ; elapsed = 00:00:31 . Memory (MB): peak = 1052.234 ; gain = 633.789
---------------------------------------------------------------------------------
No constraint files found.
---------------------------------------------------------------------------------
Start RTL Component Statistics 
---------------------------------------------------------------------------------
Detailed RTL Component Info : 
+---Registers : 
	              256 Bit    Registers := 2     
	               32 Bit    Registers := 4     
	                1 Bit    Registers := 6     
+---Muxes : 
	   7 Input  256 Bit        Muxes := 4     
	  32 Input  256 Bit        Muxes := 1     
	   7 Input   32 Bit        Muxes := 1     
	   7 Input    3 Bit        Muxes := 1     
	   2 Input    3 Bit        Muxes := 3     
	   2 Input    1 Bit        Muxes := 385   
	   7 Input    1 Bit        Muxes := 397   
---------------------------------------------------------------------------------
Finished RTL Component Statistics 
---------------------------------------------------------------------------------
---------------------------------------------------------------------------------
Start Part Resource Summary
---------------------------------------------------------------------------------
Part Resources:
DSPs: 240 (col length:80)
BRAMs: 270 (col length: RAMB18 80 RAMB36 40)
---------------------------------------------------------------------------------
Finished Part Resource Summary
---------------------------------------------------------------------------------
No constraint files found.
---------------------------------------------------------------------------------
Start Cross Boundary and Area Optimization
---------------------------------------------------------------------------------
WARNING: [Synth 8-7080] Parallel synthesis criteria is not met
---------------------------------------------------------------------------------
Finished Cross Boundary and Area Optimization : Time (s): cpu = 00:00:37 ; elapsed = 00:01:11 . Memory (MB): peak = 1318.645 ; gain = 900.199
---------------------------------------------------------------------------------
No constraint files found.
---------------------------------------------------------------------------------
Start Timing Optimization
---------------------------------------------------------------------------------
---------------------------------------------------------------------------------
Finished Timing Optimization : Time (s): cpu = 00:00:38 ; elapsed = 00:01:12 . Memory (MB): peak = 1318.645 ; gain = 900.199
---------------------------------------------------------------------------------
---------------------------------------------------------------------------------
Start Technology Mapping
---------------------------------------------------------------------------------
---------------------------------------------------------------------------------
Finished Technology Mapping : Time (s): cpu = 00:00:43 ; elapsed = 00:01:21 . Memory (MB): peak = 1318.645 ; gain = 900.199
---------------------------------------------------------------------------------
---------------------------------------------------------------------------------
Start IO Insertion
---------------------------------------------------------------------------------
---------------------------------------------------------------------------------
Start Flattening Before IO Insertion
---------------------------------------------------------------------------------
---------------------------------------------------------------------------------
Finished Flattening Before IO Insertion
---------------------------------------------------------------------------------
---------------------------------------------------------------------------------
Start Final Netlist Cleanup
---------------------------------------------------------------------------------
---------------------------------------------------------------------------------
Finished Final Netlist Cleanup
---------------------------------------------------------------------------------
---------------------------------------------------------------------------------
Finished IO Insertion : Time (s): cpu = 00:00:56 ; elapsed = 00:01:42 . Memory (MB): peak = 1318.645 ; gain = 900.199
---------------------------------------------------------------------------------
---------------------------------------------------------------------------------
Start Renaming Generated Instances
---------------------------------------------------------------------------------
---------------------------------------------------------------------------------
Finished Renaming Generated Instances : Time (s): cpu = 00:00:56 ; elapsed = 00:01:42 . Memory (MB): peak = 1318.645 ; gain = 900.199
---------------------------------------------------------------------------------
---------------------------------------------------------------------------------
Start Rebuilding User Hierarchy
---------------------------------------------------------------------------------
---------------------------------------------------------------------------------
Finished Rebuilding User Hierarchy : Time (s): cpu = 00:00:56 ; elapsed = 00:01:43 . Memory (MB): peak = 1318.645 ; gain = 900.199
---------------------------------------------------------------------------------
---------------------------------------------------------------------------------
Start Renaming Generated Ports
---------------------------------------------------------------------------------
---------------------------------------------------------------------------------
Finished Renaming Generated Ports : Time (s): cpu = 00:00:56 ; elapsed = 00:01:43 . Memory (MB): peak = 1318.645 ; gain = 900.199
---------------------------------------------------------------------------------
---------------------------------------------------------------------------------
Start Handling Custom Attributes
---------------------------------------------------------------------------------
---------------------------------------------------------------------------------
Finished Handling Custom Attributes : Time (s): cpu = 00:00:57 ; elapsed = 00:01:45 . Memory (MB): peak = 1318.645 ; gain = 900.199
---------------------------------------------------------------------------------
---------------------------------------------------------------------------------
Start Renaming Generated Nets
---------------------------------------------------------------------------------
---------------------------------------------------------------------------------
Finished Renaming Generated Nets : Time (s): cpu = 00:00:57 ; elapsed = 00:01:45 . Memory (MB): peak = 1318.645 ; gain = 900.199
---------------------------------------------------------------------------------
---------------------------------------------------------------------------------
Start Writing Synthesis Report
---------------------------------------------------------------------------------

Report BlackBoxes: 
+-+--------------+----------+
| |BlackBox name |Instances |
+-+--------------+----------+
+-+--------------+----------+

Report Cell Usage: 
+------+-------+------+
|      |Cell   |Count |
+------+-------+------+
|1     |BUFG   |    12|
|2     |CARRY4 |     2|
|3     |LUT1   |     1|
|4     |LUT2   |   135|
|5     |LUT3   |    26|
|6     |LUT4   |   559|
|7     |LUT5   |   255|
|8     |LUT6   | 10042|
|9     |MUXF7  |  4758|
|10    |MUXF8  |  2224|
|11    |FDRE   |   731|
|12    |LD     | 35585|
|13    |IBUF   |   327|
|14    |OBUF   |   325|
+------+-------+------+

Report Instance Areas: 
+------+---------+-------+------+
|      |Instance |Module |Cells |
+------+---------+-------+------+
|1     |top      |       | 54982|
+------+---------+-------+------+
---------------------------------------------------------------------------------
Finished Writing Synthesis Report : Time (s): cpu = 00:00:57 ; elapsed = 00:01:45 . Memory (MB): peak = 1318.645 ; gain = 900.199
---------------------------------------------------------------------------------
Synthesis finished with 0 errors, 0 critical warnings and 516 warnings.
Synthesis Optimization Runtime : Time (s): cpu = 00:00:57 ; elapsed = 00:01:45 . Memory (MB): peak = 1318.645 ; gain = 900.199
Synthesis Optimization Complete : Time (s): cpu = 00:00:57 ; elapsed = 00:01:45 . Memory (MB): peak = 1318.645 ; gain = 900.199
INFO: [Project 1-571] Translating synthesized netlist
Netlist sorting complete. Time (s): cpu = 00:00:00 ; elapsed = 00:00:00.786 . Memory (MB): peak = 1318.645 ; gain = 0.000
INFO: [Netlist 29-17] Analyzing 42569 Unisim elements for replacement
INFO: [Netlist 29-28] Unisim Transformation completed in 3 CPU seconds
WARNING: [Netlist 29-101] Netlist 'onbellek' is not ideal for floorplanning, since the cellview 'onbellek' contains a large number of primitives.  Please consider enabling hierarchy in synthesis if you want to do floorplanning.
INFO: [Project 1-570] Preparing netlist for logic optimization
INFO: [Opt 31-138] Pushed 0 inverter(s) to 0 load pin(s).
Netlist sorting complete. Time (s): cpu = 00:00:00 ; elapsed = 00:00:00.020 . Memory (MB): peak = 1359.398 ; gain = 0.000
INFO: [Project 1-111] Unisim Transformation Summary:
  A total of 35585 instances were transformed.
  LD => LDCE: 35585 instances

Synth Design complete, checksum: e6dd6b0
INFO: [Common 17-83] Releasing license: Synthesis
19 Infos, 104 Warnings, 0 Critical Warnings and 0 Errors encountered.
synth_design completed successfully
synth_design: Time (s): cpu = 00:01:08 ; elapsed = 00:02:08 . Memory (MB): peak = 1359.398 ; gain = 965.828
INFO: [Common 17-1381] The checkpoint 'C:/Users/hasan/Desktop/Projects/Vivado/BIL361-HW2/BIL361-HW2/BIL361-HW2.runs/synth_1/onbellek.dcp' has been generated.
write_checkpoint: Time (s): cpu = 00:00:04 ; elapsed = 00:00:06 . Memory (MB): peak = 1359.398 ; gain = 0.000
INFO: [runtcl-4] Executing : report_utilization -file onbellek_utilization_synth.rpt -pb onbellek_utilization_synth.pb
INFO: [Common 17-206] Exiting Vivado at Wed Dec 21 17:37:42 2022...
